TpTrace Verbose: 0 : 54816, 1, 2023/02/09, 23:38:48.690, 6594597500318, vstest.console.dll, Version: 17.4.0-release-20221019-01 Current process architecture: X64
TpTrace Verbose: 0 : 54816, 1, 2023/02/09, 23:38:48.693, 6594597522542, vstest.console.dll, Runtime location: C:\Program Files\dotnet\shared\Microsoft.NETCore.App\7.0.0
TpTrace Verbose: 0 : 54816, 1, 2023/02/09, 23:38:48.697, 6594597563591, vstest.console.dll, ArtifactProcessingPostProcessModeProcessorExecutor.Initialize: ArtifactProcessingMode.Collect
TpTrace Verbose: 0 : 54816, 1, 2023/02/09, 23:38:48.697, 6594597565960, vstest.console.dll, TestSessionCorrelationIdProcessorModeProcessorExecutor.Initialize: TestSessionCorrelationId '8304_d980db8e-c509-4dc2-96ea-044e4c4ae011'
TpTrace Information: 0 : 54816, 1, 2023/02/09, 23:38:48.708, 6594597674085, vstest.console.dll, FilePatternParser: The given file C:\Users\CarlosGamboa\Development\training\back-end\csharp\CookieCarFactory\CookieCarFactory.Test\bin\Debug\net7.0\fine-code-coverage\build-output\CookieCarFactory.Test.dll is a full path.
TpTrace Verbose: 0 : 54816, 1, 2023/02/09, 23:38:48.717, 6594597760946, vstest.console.dll, TestPluginCache.DiscoverTestExtensions: finding test extensions in assemblies ends with: RuntimeProvider.dll TPluginInfo: Microsoft.VisualStudio.TestPlatform.Common.ExtensionFramework.Utilities.TestRuntimePluginInformation TExtension: Microsoft.VisualStudio.TestPlatform.ObjectModel.Host.ITestRuntimeProvider
TpTrace Verbose: 0 : 54816, 1, 2023/02/09, 23:38:48.717, 6594597764151, vstest.console.dll, TestPluginCache.GetExtensionPaths: Filtered extension paths: 
TpTrace Verbose: 0 : 54816, 1, 2023/02/09, 23:38:48.717, 6594597765350, vstest.console.dll, TestPluginCache.GetExtensionPaths: Added default extension paths: C:\Program Files\dotnet\sdk\7.0.100\Extensions\Microsoft.Diagnostics.NETCore.Client.dll
C:\Program Files\dotnet\sdk\7.0.100\Extensions\Microsoft.TestPlatform.Extensions.BlameDataCollector.dll
C:\Program Files\dotnet\sdk\7.0.100\Extensions\Microsoft.TestPlatform.Extensions.EventLogCollector.dll
C:\Program Files\dotnet\sdk\7.0.100\Extensions\Microsoft.TestPlatform.TestHostRuntimeProvider.dll
C:\Program Files\dotnet\sdk\7.0.100\Extensions\Microsoft.VisualStudio.TestPlatform.Extensions.Html.TestLogger.dll
C:\Program Files\dotnet\sdk\7.0.100\Extensions\Microsoft.VisualStudio.TestPlatform.Extensions.Trx.TestLogger.dll
TpTrace Verbose: 0 : 54816, 1, 2023/02/09, 23:38:48.717, 6594597765987, vstest.console.dll, TestPluginCache.GetExtensionPaths: Added unfilterableExtensionPaths: 
TpTrace Information: 0 : 54816, 1, 2023/02/09, 23:38:48.718, 6594597775666, vstest.console.dll, AssemblyResolver.ctor: Creating AssemblyResolver with searchDirectories C:\Program Files\dotnet\sdk\7.0.100\Extensions,C:\Program Files\dotnet\sdk\7.0.100
TpTrace Verbose: 0 : 54816, 1, 2023/02/09, 23:38:48.720, 6594597794270, vstest.console.dll, TestPluginCache.DiscoverTestExtensions: Discovering the extensions using extension path.
TpTrace Verbose: 0 : 54816, 1, 2023/02/09, 23:38:48.720, 6594597796658, vstest.console.dll, TestPluginCache.GetExtensionPaths: Filtered extension paths: 
TpTrace Verbose: 0 : 54816, 1, 2023/02/09, 23:38:48.720, 6594597797604, vstest.console.dll, TestPluginCache.GetExtensionPaths: Added default extension paths: C:\Program Files\dotnet\sdk\7.0.100\Extensions\Microsoft.Diagnostics.NETCore.Client.dll
C:\Program Files\dotnet\sdk\7.0.100\Extensions\Microsoft.TestPlatform.Extensions.BlameDataCollector.dll
C:\Program Files\dotnet\sdk\7.0.100\Extensions\Microsoft.TestPlatform.Extensions.EventLogCollector.dll
C:\Program Files\dotnet\sdk\7.0.100\Extensions\Microsoft.TestPlatform.TestHostRuntimeProvider.dll
C:\Program Files\dotnet\sdk\7.0.100\Extensions\Microsoft.VisualStudio.TestPlatform.Extensions.Html.TestLogger.dll
C:\Program Files\dotnet\sdk\7.0.100\Extensions\Microsoft.VisualStudio.TestPlatform.Extensions.Trx.TestLogger.dll
TpTrace Verbose: 0 : 54816, 1, 2023/02/09, 23:38:48.720, 6594597798540, vstest.console.dll, TestPluginCache.GetExtensionPaths: Added unfilterableExtensionPaths: 
TpTrace Verbose: 0 : 54816, 1, 2023/02/09, 23:38:48.721, 6594597801554, vstest.console.dll, TestPluginCache.DiscoverTestExtensions: Discovering the extensions using allExtensionPaths: C:\Program Files\dotnet\sdk\7.0.100\Extensions\Microsoft.Diagnostics.NETCore.Client.dll
C:\Program Files\dotnet\sdk\7.0.100\Extensions\Microsoft.TestPlatform.Extensions.BlameDataCollector.dll
C:\Program Files\dotnet\sdk\7.0.100\Extensions\Microsoft.TestPlatform.Extensions.EventLogCollector.dll
C:\Program Files\dotnet\sdk\7.0.100\Extensions\Microsoft.TestPlatform.TestHostRuntimeProvider.dll
C:\Program Files\dotnet\sdk\7.0.100\Extensions\Microsoft.VisualStudio.TestPlatform.Extensions.Html.TestLogger.dll
C:\Program Files\dotnet\sdk\7.0.100\Extensions\Microsoft.VisualStudio.TestPlatform.Extensions.Trx.TestLogger.dll
TpTrace Information: 0 : 54816, 1, 2023/02/09, 23:38:48.721, 6594597803876, vstest.console.dll, AssemblyResolver.AddSearchDirectories: Adding more searchDirectories C:\Program Files\dotnet\sdk\7.0.100\Extensions,C:\Program Files\dotnet\sdk\7.0.100
TpTrace Information: 0 : 54816, 1, 2023/02/09, 23:38:48.721, 6594597805138, vstest.console.dll, AssemblyResolver.AddSearchDirectories: Adding more searchDirectories C:\Program Files\dotnet\sdk\7.0.100\Extensions,C:\Program Files\dotnet\sdk\7.0.100
TpTrace Information: 0 : 54816, 1, 2023/02/09, 23:38:48.721, 6594597805879, vstest.console.dll, AssemblyResolver.AddSearchDirectories: Adding more searchDirectories C:\Program Files\dotnet\sdk\7.0.100\Extensions,C:\Program Files\dotnet\sdk\7.0.100
TpTrace Information: 0 : 54816, 1, 2023/02/09, 23:38:48.721, 6594597806369, vstest.console.dll, AssemblyResolver.AddSearchDirectories: Adding more searchDirectories C:\Program Files\dotnet\sdk\7.0.100\Extensions,C:\Program Files\dotnet\sdk\7.0.100
TpTrace Information: 0 : 54816, 1, 2023/02/09, 23:38:48.721, 6594597806817, vstest.console.dll, AssemblyResolver.AddSearchDirectories: Adding more searchDirectories C:\Program Files\dotnet\sdk\7.0.100\Extensions,C:\Program Files\dotnet\sdk\7.0.100
TpTrace Information: 0 : 54816, 1, 2023/02/09, 23:38:48.721, 6594597807258, vstest.console.dll, AssemblyResolver.AddSearchDirectories: Adding more searchDirectories C:\Program Files\dotnet\sdk\7.0.100\Extensions,C:\Program Files\dotnet\sdk\7.0.100
TpTrace Information: 0 : 54816, 1, 2023/02/09, 23:38:48.722, 6594597813830, vstest.console.dll, AssemblyResolver.OnResolve: Microsoft.Diagnostics.NETCore.Client: Resolving assembly.
TpTrace Information: 0 : 54816, 1, 2023/02/09, 23:38:48.722, 6594597814883, vstest.console.dll, AssemblyResolver.OnResolve: Microsoft.Diagnostics.NETCore.Client: Searching in: 'C:\Program Files\dotnet\sdk\7.0.100\Extensions'.
TpTrace Information: 0 : 54816, 1, 2023/02/09, 23:38:48.733, 6594597926366, vstest.console.dll, AssemblyResolver.OnResolve: Microsoft.Diagnostics.NETCore.Client: Loading assembly 'C:\Program Files\dotnet\sdk\7.0.100\Extensions\Microsoft.Diagnostics.NETCore.Client.dll'.
TpTrace Information: 0 : 54816, 1, 2023/02/09, 23:38:48.734, 6594597939010, vstest.console.dll, AssemblyResolver.OnResolve: Resolved assembly: Microsoft.Diagnostics.NETCore.Client, from path: C:\Program Files\dotnet\sdk\7.0.100\Extensions\Microsoft.Diagnostics.NETCore.Client.dll
TpTrace Verbose: 0 : 54816, 1, 2023/02/09, 23:38:48.736, 6594597954999, vstest.console.dll, MetadataReaderExtensionsHelper: Discovering extensions inside assembly 'Microsoft.Diagnostics.NETCore.Client, Version=0.2.6.42401, Culture=neutral, PublicKeyToken=31bf3856ad364e35' file path 'C:\Program Files\dotnet\sdk\7.0.100\Extensions\Microsoft.Diagnostics.NETCore.Client.dll'
TpTrace Information: 0 : 54816, 1, 2023/02/09, 23:38:48.743, 6594598024655, vstest.console.dll, AssemblyResolver.OnResolve: Microsoft.Bcl.AsyncInterfaces: Resolving assembly.
TpTrace Information: 0 : 54816, 1, 2023/02/09, 23:38:48.743, 6594598026018, vstest.console.dll, AssemblyResolver.OnResolve: Microsoft.Bcl.AsyncInterfaces: Searching in: 'C:\Program Files\dotnet\sdk\7.0.100\Extensions'.
TpTrace Information: 0 : 54816, 1, 2023/02/09, 23:38:48.743, 6594598027502, vstest.console.dll, AssemblyResolver.OnResolve: Microsoft.Bcl.AsyncInterfaces: Assembly path does not exist: 'C:\Program Files\dotnet\sdk\7.0.100\Extensions\Microsoft.Bcl.AsyncInterfaces.dll', returning.
TpTrace Information: 0 : 54816, 1, 2023/02/09, 23:38:48.743, 6594598029171, vstest.console.dll, AssemblyResolver.OnResolve: Microsoft.Bcl.AsyncInterfaces: Assembly path does not exist: 'C:\Program Files\dotnet\sdk\7.0.100\Extensions\Microsoft.Bcl.AsyncInterfaces.exe', returning.
TpTrace Information: 0 : 54816, 1, 2023/02/09, 23:38:48.743, 6594598029858, vstest.console.dll, AssemblyResolver.OnResolve: Microsoft.Bcl.AsyncInterfaces: Searching in: 'C:\Program Files\dotnet\sdk\7.0.100'.
TpTrace Information: 0 : 54816, 1, 2023/02/09, 23:38:48.744, 6594598030816, vstest.console.dll, AssemblyResolver.OnResolve: Microsoft.Bcl.AsyncInterfaces: Assembly path does not exist: 'C:\Program Files\dotnet\sdk\7.0.100\Microsoft.Bcl.AsyncInterfaces.dll', returning.
TpTrace Information: 0 : 54816, 1, 2023/02/09, 23:38:48.744, 6594598031917, vstest.console.dll, AssemblyResolver.OnResolve: Microsoft.Bcl.AsyncInterfaces: Assembly path does not exist: 'C:\Program Files\dotnet\sdk\7.0.100\Microsoft.Bcl.AsyncInterfaces.exe', returning.
TpTrace Information: 0 : 54816, 1, 2023/02/09, 23:38:48.744, 6594598032641, vstest.console.dll, AssemblyResolver.OnResolve: Microsoft.Bcl.AsyncInterfaces: Failed to load assembly.
TpTrace Verbose: 0 : 54816, 1, 2023/02/09, 23:38:48.744, 6594598033395, vstest.console.dll, CurrentDomainAssemblyResolve: Resolving assembly 'Microsoft.Bcl.AsyncInterfaces'.
TpTrace Information: 0 : 54816, 1, 2023/02/09, 23:38:48.744, 6594598034347, vstest.console.dll, AssemblyResolver.OnResolve: Microsoft.Bcl.AsyncInterfaces: Resolving assembly.
TpTrace Information: 0 : 54816, 1, 2023/02/09, 23:38:48.744, 6594598034968, vstest.console.dll, AssemblyResolver.OnResolve: Microsoft.Bcl.AsyncInterfaces: Resolved from cache.
TpTrace Verbose: 0 : 54816, 1, 2023/02/09, 23:38:48.744, 6594598035559, vstest.console.dll, CurrentDomainAssemblyResolve: Resolving assembly 'Microsoft.Bcl.AsyncInterfaces'.
TpTrace Verbose: 0 : 54816, 1, 2023/02/09, 23:38:48.744, 6594598036102, vstest.console.dll, CurrentDomainAssemblyResolve: Failed to resolve assembly 'Microsoft.Bcl.AsyncInterfaces'.
TpTrace Verbose: 0 : 54816, 1, 2023/02/09, 23:38:48.745, 6594598045456, vstest.console.dll, CurrentDomainAssemblyResolve: Failed to resolve assembly 'Microsoft.Bcl.AsyncInterfaces'.
TpTrace Warning: 0 : 54816, 1, 2023/02/09, 23:38:48.756, 6594598159537, vstest.console.dll, TestPluginDiscoverer: Failed to get types from assembly 'Microsoft.Diagnostics.NETCore.Client, Version=0.2.6.42401, Culture=neutral, PublicKeyToken=31bf3856ad364e35'. Error: System.Reflection.ReflectionTypeLoadException: Unable to load one or more of the requested types.
Could not load file or assembly 'Microsoft.Bcl.AsyncInterfaces, Version=1.0.0.0, Culture=neutral, PublicKeyToken=cc7b13ffcd2ddd51'. The system cannot find the file specified.
   at System.Reflection.RuntimeModule.GetTypes(RuntimeModule module)
   at System.Reflection.Assembly.GetTypes()
   at Microsoft.VisualStudio.TestPlatform.Common.ExtensionFramework.TestPluginDiscoverer.GetTestExtensionsFromAssembly[TPluginInfo,TExtension](Assembly assembly, Dictionary`2 pluginInfos, String filePath)
System.IO.FileNotFoundException: Could not load file or assembly 'Microsoft.Bcl.AsyncInterfaces, Version=1.0.0.0, Culture=neutral, PublicKeyToken=cc7b13ffcd2ddd51'. The system cannot find the file specified.
File name: 'Microsoft.Bcl.AsyncInterfaces, Version=1.0.0.0, Culture=neutral, PublicKeyToken=cc7b13ffcd2ddd51'
 ---> System.IO.FileNotFoundException: Could not load file or assembly 'Microsoft.Bcl.AsyncInterfaces, Culture=neutral, PublicKeyToken=null'. The system cannot find the file specified.
File name: 'Microsoft.Bcl.AsyncInterfaces, Culture=neutral, PublicKeyToken=null'
   at System.Reflection.RuntimeAssembly.InternalLoad(AssemblyName assemblyName, StackCrawlMark& stackMark, AssemblyLoadContext assemblyLoadContext, RuntimeAssembly requestingAssembly, Boolean throwOnFileNotFound)
   at System.Reflection.Assembly.Load(AssemblyName assemblyRef)
   at Microsoft.VisualStudio.TestPlatform.Common.ExtensionFramework.TestPluginCache.CurrentDomainAssemblyResolve(Object sender, AssemblyResolveEventArgs args)
   at System.Runtime.Loader.AssemblyLoadContext.GetFirstResolvedAssemblyFromResolvingEvent(AssemblyName assemblyName)
   at System.Runtime.Loader.AssemblyLoadContext.ResolveUsingEvent(AssemblyName assemblyName)
   at System.Runtime.Loader.AssemblyLoadContext.ResolveUsingResolvingEvent(IntPtr gchManagedAssemblyLoadContext, AssemblyName assemblyName)
TpTrace Warning: 0 : 54816, 1, 2023/02/09, 23:38:48.757, 6594598167478, vstest.console.dll, LoaderExceptions: System.IO.FileNotFoundException: Could not load file or assembly 'Microsoft.Bcl.AsyncInterfaces, Version=1.0.0.0, Culture=neutral, PublicKeyToken=cc7b13ffcd2ddd51'. The system cannot find the file specified.
File name: 'Microsoft.Bcl.AsyncInterfaces, Version=1.0.0.0, Culture=neutral, PublicKeyToken=cc7b13ffcd2ddd51'
 ---> System.IO.FileNotFoundException: Could not load file or assembly 'Microsoft.Bcl.AsyncInterfaces, Culture=neutral, PublicKeyToken=null'. The system cannot find the file specified.
File name: 'Microsoft.Bcl.AsyncInterfaces, Culture=neutral, PublicKeyToken=null'
   at System.Reflection.RuntimeAssembly.InternalLoad(AssemblyName assemblyName, StackCrawlMark& stackMark, AssemblyLoadContext assemblyLoadContext, RuntimeAssembly requestingAssembly, Boolean throwOnFileNotFound)
   at System.Reflection.Assembly.Load(AssemblyName assemblyRef)
   at Microsoft.VisualStudio.TestPlatform.Common.ExtensionFramework.TestPluginCache.CurrentDomainAssemblyResolve(Object sender, AssemblyResolveEventArgs args)
   at System.Runtime.Loader.AssemblyLoadContext.GetFirstResolvedAssemblyFromResolvingEvent(AssemblyName assemblyName)
   at System.Runtime.Loader.AssemblyLoadContext.ResolveUsingEvent(AssemblyName assemblyName)
   at System.Runtime.Loader.AssemblyLoadContext.ResolveUsingResolvingEvent(IntPtr gchManagedAssemblyLoadContext, AssemblyName assemblyName)
TpTrace Information: 0 : 54816, 1, 2023/02/09, 23:38:48.758, 6594598171024, vstest.console.dll, AssemblyResolver.OnResolve: Microsoft.TestPlatform.Extensions.BlameDataCollector: Resolving assembly.
TpTrace Information: 0 : 54816, 1, 2023/02/09, 23:38:48.758, 6594598172160, vstest.console.dll, AssemblyResolver.OnResolve: Microsoft.TestPlatform.Extensions.BlameDataCollector: Searching in: 'C:\Program Files\dotnet\sdk\7.0.100\Extensions'.
TpTrace Information: 0 : 54816, 1, 2023/02/09, 23:38:48.758, 6594598178794, vstest.console.dll, AssemblyResolver.OnResolve: Microsoft.TestPlatform.Extensions.BlameDataCollector: Loading assembly 'C:\Program Files\dotnet\sdk\7.0.100\Extensions\Microsoft.TestPlatform.Extensions.BlameDataCollector.dll'.
TpTrace Information: 0 : 54816, 1, 2023/02/09, 23:38:48.760, 6594598193337, vstest.console.dll, AssemblyResolver.OnResolve: Resolved assembly: Microsoft.TestPlatform.Extensions.BlameDataCollector, from path: C:\Program Files\dotnet\sdk\7.0.100\Extensions\Microsoft.TestPlatform.Extensions.BlameDataCollector.dll
TpTrace Verbose: 0 : 54816, 1, 2023/02/09, 23:38:48.760, 6594598195396, vstest.console.dll, MetadataReaderExtensionsHelper: Discovering extensions inside assembly 'Microsoft.TestPlatform.Extensions.BlameDataCollector, Version=15.0.0.0, Culture=neutral, PublicKeyToken=b03f5f7f11d50a3a' file path 'C:\Program Files\dotnet\sdk\7.0.100\Extensions\Microsoft.TestPlatform.Extensions.BlameDataCollector.dll'
TpTrace Information: 0 : 54816, 1, 2023/02/09, 23:38:48.762, 6594598219042, vstest.console.dll, AssemblyResolver.OnResolve: Microsoft.TestPlatform.Extensions.EventLogCollector: Resolving assembly.
TpTrace Information: 0 : 54816, 1, 2023/02/09, 23:38:48.762, 6594598220426, vstest.console.dll, AssemblyResolver.OnResolve: Microsoft.TestPlatform.Extensions.EventLogCollector: Searching in: 'C:\Program Files\dotnet\sdk\7.0.100\Extensions'.
TpTrace Information: 0 : 54816, 1, 2023/02/09, 23:38:48.763, 6594598225317, vstest.console.dll, AssemblyResolver.OnResolve: Microsoft.TestPlatform.Extensions.EventLogCollector: Loading assembly 'C:\Program Files\dotnet\sdk\7.0.100\Extensions\Microsoft.TestPlatform.Extensions.EventLogCollector.dll'.
TpTrace Information: 0 : 54816, 1, 2023/02/09, 23:38:48.764, 6594598234645, vstest.console.dll, AssemblyResolver.OnResolve: Resolved assembly: Microsoft.TestPlatform.Extensions.EventLogCollector, from path: C:\Program Files\dotnet\sdk\7.0.100\Extensions\Microsoft.TestPlatform.Extensions.EventLogCollector.dll
TpTrace Verbose: 0 : 54816, 1, 2023/02/09, 23:38:48.764, 6594598235931, vstest.console.dll, MetadataReaderExtensionsHelper: Discovering extensions inside assembly 'Microsoft.TestPlatform.Extensions.EventLogCollector, Version=15.0.0.0, Culture=neutral, PublicKeyToken=b03f5f7f11d50a3a' file path 'C:\Program Files\dotnet\sdk\7.0.100\Extensions\Microsoft.TestPlatform.Extensions.EventLogCollector.dll'
TpTrace Information: 0 : 54816, 1, 2023/02/09, 23:38:48.767, 6594598270087, vstest.console.dll, AssemblyResolver.OnResolve: Microsoft.TestPlatform.TestHostRuntimeProvider: Resolving assembly.
TpTrace Information: 0 : 54816, 1, 2023/02/09, 23:38:48.768, 6594598271665, vstest.console.dll, AssemblyResolver.OnResolve: Microsoft.TestPlatform.TestHostRuntimeProvider: Searching in: 'C:\Program Files\dotnet\sdk\7.0.100\Extensions'.
TpTrace Information: 0 : 54816, 1, 2023/02/09, 23:38:48.768, 6594598276571, vstest.console.dll, AssemblyResolver.OnResolve: Microsoft.TestPlatform.TestHostRuntimeProvider: Loading assembly 'C:\Program Files\dotnet\sdk\7.0.100\Extensions\Microsoft.TestPlatform.TestHostRuntimeProvider.dll'.
TpTrace Information: 0 : 54816, 1, 2023/02/09, 23:38:48.769, 6594598289916, vstest.console.dll, AssemblyResolver.OnResolve: Resolved assembly: Microsoft.TestPlatform.TestHostRuntimeProvider, from path: C:\Program Files\dotnet\sdk\7.0.100\Extensions\Microsoft.TestPlatform.TestHostRuntimeProvider.dll
TpTrace Verbose: 0 : 54816, 1, 2023/02/09, 23:38:48.770, 6594598291451, vstest.console.dll, MetadataReaderExtensionsHelper: Discovering extensions inside assembly 'Microsoft.TestPlatform.TestHostRuntimeProvider, Version=15.0.0.0, Culture=neutral, PublicKeyToken=b03f5f7f11d50a3a' file path 'C:\Program Files\dotnet\sdk\7.0.100\Extensions\Microsoft.TestPlatform.TestHostRuntimeProvider.dll'
TpTrace Information: 0 : 54816, 1, 2023/02/09, 23:38:48.773, 6594598327345, vstest.console.dll, GetTestExtensionFromType: Register extension with identifier data 'HostProvider://DefaultTestHost' and type 'Microsoft.VisualStudio.TestPlatform.CrossPlatEngine.Hosting.DefaultTestHostManager, Microsoft.TestPlatform.TestHostRuntimeProvider, Version=15.0.0.0, Culture=neutral, PublicKeyToken=b03f5f7f11d50a3a' inside file 'C:\Program Files\dotnet\sdk\7.0.100\Extensions\Microsoft.TestPlatform.TestHostRuntimeProvider.dll'
TpTrace Information: 0 : 54816, 1, 2023/02/09, 23:38:48.774, 6594598332668, vstest.console.dll, GetTestExtensionFromType: Register extension with identifier data 'HostProvider://DotnetTestHost' and type 'Microsoft.VisualStudio.TestPlatform.CrossPlatEngine.Hosting.DotnetTestHostManager, Microsoft.TestPlatform.TestHostRuntimeProvider, Version=15.0.0.0, Culture=neutral, PublicKeyToken=b03f5f7f11d50a3a' inside file 'C:\Program Files\dotnet\sdk\7.0.100\Extensions\Microsoft.TestPlatform.TestHostRuntimeProvider.dll'
TpTrace Information: 0 : 54816, 1, 2023/02/09, 23:38:48.774, 6594598334149, vstest.console.dll, AssemblyResolver.OnResolve: Microsoft.VisualStudio.TestPlatform.Extensions.Html.TestLogger: Resolving assembly.
TpTrace Information: 0 : 54816, 1, 2023/02/09, 23:38:48.774, 6594598334889, vstest.console.dll, AssemblyResolver.OnResolve: Microsoft.VisualStudio.TestPlatform.Extensions.Html.TestLogger: Searching in: 'C:\Program Files\dotnet\sdk\7.0.100\Extensions'.
TpTrace Information: 0 : 54816, 1, 2023/02/09, 23:38:48.774, 6594598339879, vstest.console.dll, AssemblyResolver.OnResolve: Microsoft.VisualStudio.TestPlatform.Extensions.Html.TestLogger: Loading assembly 'C:\Program Files\dotnet\sdk\7.0.100\Extensions\Microsoft.VisualStudio.TestPlatform.Extensions.Html.TestLogger.dll'.
TpTrace Information: 0 : 54816, 1, 2023/02/09, 23:38:48.776, 6594598352090, vstest.console.dll, AssemblyResolver.OnResolve: Resolved assembly: Microsoft.VisualStudio.TestPlatform.Extensions.Html.TestLogger, from path: C:\Program Files\dotnet\sdk\7.0.100\Extensions\Microsoft.VisualStudio.TestPlatform.Extensions.Html.TestLogger.dll
TpTrace Verbose: 0 : 54816, 1, 2023/02/09, 23:38:48.776, 6594598353388, vstest.console.dll, MetadataReaderExtensionsHelper: Discovering extensions inside assembly 'Microsoft.VisualStudio.TestPlatform.Extensions.Html.TestLogger, Version=15.0.0.0, Culture=neutral, PublicKeyToken=b03f5f7f11d50a3a' file path 'C:\Program Files\dotnet\sdk\7.0.100\Extensions\Microsoft.VisualStudio.TestPlatform.Extensions.Html.TestLogger.dll'
TpTrace Information: 0 : 54816, 1, 2023/02/09, 23:38:48.777, 6594598364917, vstest.console.dll, AssemblyResolver.OnResolve: Microsoft.VisualStudio.TestPlatform.Extensions.Trx.TestLogger: Resolving assembly.
TpTrace Information: 0 : 54816, 1, 2023/02/09, 23:38:48.777, 6594598365923, vstest.console.dll, AssemblyResolver.OnResolve: Microsoft.VisualStudio.TestPlatform.Extensions.Trx.TestLogger: Searching in: 'C:\Program Files\dotnet\sdk\7.0.100\Extensions'.
TpTrace Information: 0 : 54816, 1, 2023/02/09, 23:38:48.778, 6594598374749, vstest.console.dll, AssemblyResolver.OnResolve: Microsoft.VisualStudio.TestPlatform.Extensions.Trx.TestLogger: Loading assembly 'C:\Program Files\dotnet\sdk\7.0.100\Extensions\Microsoft.VisualStudio.TestPlatform.Extensions.Trx.TestLogger.dll'.
TpTrace Information: 0 : 54816, 1, 2023/02/09, 23:38:48.779, 6594598390347, vstest.console.dll, AssemblyResolver.OnResolve: Resolved assembly: Microsoft.VisualStudio.TestPlatform.Extensions.Trx.TestLogger, from path: C:\Program Files\dotnet\sdk\7.0.100\Extensions\Microsoft.VisualStudio.TestPlatform.Extensions.Trx.TestLogger.dll
TpTrace Verbose: 0 : 54816, 1, 2023/02/09, 23:38:48.780, 6594598391856, vstest.console.dll, MetadataReaderExtensionsHelper: Discovering extensions inside assembly 'Microsoft.VisualStudio.TestPlatform.Extensions.Trx.TestLogger, Version=15.0.0.0, Culture=neutral, PublicKeyToken=b03f5f7f11d50a3a' file path 'C:\Program Files\dotnet\sdk\7.0.100\Extensions\Microsoft.VisualStudio.TestPlatform.Extensions.Trx.TestLogger.dll'
TpTrace Verbose: 0 : 54816, 1, 2023/02/09, 23:38:48.781, 6594598410227, vstest.console.dll, TestPluginCache: Discovered the extensions using extension path ''.
TpTrace Verbose: 0 : 54816, 1, 2023/02/09, 23:38:48.782, 6594598411743, vstest.console.dll, TestPluginCache: Discoverers are ''.
TpTrace Verbose: 0 : 54816, 1, 2023/02/09, 23:38:48.782, 6594598412387, vstest.console.dll, TestPluginCache: Executors are ''.
TpTrace Verbose: 0 : 54816, 1, 2023/02/09, 23:38:48.782, 6594598412917, vstest.console.dll, TestPluginCache: Executors2 are ''.
TpTrace Verbose: 0 : 54816, 1, 2023/02/09, 23:38:48.782, 6594598413431, vstest.console.dll, TestPluginCache: Setting providers are ''.
TpTrace Verbose: 0 : 54816, 1, 2023/02/09, 23:38:48.782, 6594598413942, vstest.console.dll, TestPluginCache: Loggers are ''.
TpTrace Verbose: 0 : 54816, 1, 2023/02/09, 23:38:48.782, 6594598415621, vstest.console.dll, TestPluginCache: TestHosts are 'HostProvider://DefaultTestHost,HostProvider://DotnetTestHost'.
TpTrace Verbose: 0 : 54816, 1, 2023/02/09, 23:38:48.782, 6594598416400, vstest.console.dll, TestPluginCache: DataCollectors are ''.
TpTrace Information: 0 : 54816, 1, 2023/02/09, 23:38:48.809, 6594598687774, vstest.console.dll, RunTestsArgumentProcessor:Execute: Test run is starting.
TpTrace Verbose: 0 : 54816, 1, 2023/02/09, 23:38:48.809, 6594598689910, vstest.console.dll, RunTestsArgumentProcessor:Execute: Queuing Test run.
TpTrace Information: 0 : 54816, 1, 2023/02/09, 23:38:48.810, 6594598697350, vstest.console.dll, TestRequestManager.RunTests: run tests started.
TpTrace Information: 0 : 54816, 1, 2023/02/09, 23:38:48.813, 6594598729166, vstest.console.dll, AssemblyMetadataProvider.GetFrameworkName: Determined framework:'.NETCoreApp,Version=v7.0' for source: 'C:\Users\CarlosGamboa\Development\training\back-end\csharp\CookieCarFactory\CookieCarFactory.Test\bin\Debug\net7.0\fine-code-coverage\build-output\CookieCarFactory.Test.dll'
TpTrace Information: 0 : 54816, 1, 2023/02/09, 23:38:48.814, 6594598734597, vstest.console.dll, Determined framework for all sources: .NETCoreApp,Version=v7.0
TpTrace Verbose: 0 : 54816, 1, 2023/02/09, 23:38:48.816, 6594598750816, vstest.console.dll, TestRequestManager.UpdateRunSettingsIfRequired: Default architecture: X64 IsDefaultTargetArchitecture: True, Current process architecture: X64 OperatingSystem: Windows.
TpTrace Information: 0 : 54816, 1, 2023/02/09, 23:38:48.820, 6594598795484, vstest.console.dll, AssemblyMetadataProvider.GetArchitecture: Determined architecture:AnyCPU info for assembly: C:\Users\CarlosGamboa\Development\training\back-end\csharp\CookieCarFactory\CookieCarFactory.Test\bin\Debug\net7.0\fine-code-coverage\build-output\CookieCarFactory.Test.dll
TpTrace Information: 0 : 54816, 1, 2023/02/09, 23:38:48.820, 6594598798102, vstest.console.dll, Determined platform for source 'C:\Users\CarlosGamboa\Development\training\back-end\csharp\CookieCarFactory\CookieCarFactory.Test\bin\Debug\net7.0\fine-code-coverage\build-output\CookieCarFactory.Test.dll' was AnyCPU and it will use the default plaform X64.
TpTrace Information: 0 : 54816, 1, 2023/02/09, 23:38:48.820, 6594598799364, vstest.console.dll, None of the sources provided any runnable platform, using the default platform: X64
TpTrace Information: 0 : 54816, 1, 2023/02/09, 23:38:48.821, 6594598802308, vstest.console.dll, Platform was updated to 'X64'.
TpTrace Information: 0 : 54816, 1, 2023/02/09, 23:38:48.829, 6594598881307, vstest.console.dll, InferRunSettingsHelper.IsTestSettingsEnabled: Unable to navigate to RunSettings/MSTest. Current node: RunSettings
TpTrace Information: 0 : 54816, 1, 2023/02/09, 23:38:48.830, 6594598894340, vstest.console.dll, AssemblyResolver.OnResolve: Microsoft.VisualStudio.TestPlatform.Fakes: Resolving assembly.
TpTrace Information: 0 : 54816, 1, 2023/02/09, 23:38:48.830, 6594598895605, vstest.console.dll, AssemblyResolver.OnResolve: Microsoft.VisualStudio.TestPlatform.Fakes: Searching in: 'C:\Program Files\dotnet\sdk\7.0.100\Extensions'.
TpTrace Information: 0 : 54816, 1, 2023/02/09, 23:38:48.830, 6594598897621, vstest.console.dll, AssemblyResolver.OnResolve: Microsoft.VisualStudio.TestPlatform.Fakes: Assembly path does not exist: 'C:\Program Files\dotnet\sdk\7.0.100\Extensions\Microsoft.VisualStudio.TestPlatform.Fakes.dll', returning.
TpTrace Information: 0 : 54816, 1, 2023/02/09, 23:38:48.830, 6594598899091, vstest.console.dll, AssemblyResolver.OnResolve: Microsoft.VisualStudio.TestPlatform.Fakes: Assembly path does not exist: 'C:\Program Files\dotnet\sdk\7.0.100\Extensions\Microsoft.VisualStudio.TestPlatform.Fakes.exe', returning.
TpTrace Information: 0 : 54816, 1, 2023/02/09, 23:38:48.830, 6594598899795, vstest.console.dll, AssemblyResolver.OnResolve: Microsoft.VisualStudio.TestPlatform.Fakes: Searching in: 'C:\Program Files\dotnet\sdk\7.0.100'.
TpTrace Information: 0 : 54816, 1, 2023/02/09, 23:38:48.831, 6594598901212, vstest.console.dll, AssemblyResolver.OnResolve: Microsoft.VisualStudio.TestPlatform.Fakes: Assembly path does not exist: 'C:\Program Files\dotnet\sdk\7.0.100\Microsoft.VisualStudio.TestPlatform.Fakes.dll', returning.
TpTrace Information: 0 : 54816, 1, 2023/02/09, 23:38:48.831, 6594598902512, vstest.console.dll, AssemblyResolver.OnResolve: Microsoft.VisualStudio.TestPlatform.Fakes: Assembly path does not exist: 'C:\Program Files\dotnet\sdk\7.0.100\Microsoft.VisualStudio.TestPlatform.Fakes.exe', returning.
TpTrace Information: 0 : 54816, 1, 2023/02/09, 23:38:48.831, 6594598903194, vstest.console.dll, AssemblyResolver.OnResolve: Microsoft.VisualStudio.TestPlatform.Fakes: Failed to load assembly.
TpTrace Information: 0 : 54816, 1, 2023/02/09, 23:38:48.831, 6594598908000, vstest.console.dll, Failed to load assembly Microsoft.VisualStudio.TestPlatform.Fakes, Version=17.0.0.0, Culture=neutral. Reason:System.IO.FileNotFoundException: Could not load file or assembly 'Microsoft.VisualStudio.TestPlatform.Fakes, Version=17.0.0.0, Culture=neutral, PublicKeyToken=null'. The system cannot find the file specified.
File name: 'Microsoft.VisualStudio.TestPlatform.Fakes, Version=17.0.0.0, Culture=neutral, PublicKeyToken=null'
   at System.Reflection.RuntimeAssembly.InternalLoad(AssemblyName assemblyName, StackCrawlMark& stackMark, AssemblyLoadContext assemblyLoadContext, RuntimeAssembly requestingAssembly, Boolean throwOnFileNotFound)
   at System.Reflection.Assembly.Load(AssemblyName assemblyRef)
   at Microsoft.VisualStudio.TestPlatform.Common.Utilities.FakesUtilities.LoadTestPlatformAssembly()
TpTrace Verbose: 0 : 54816, 1, 2023/02/09, 23:38:48.841, 6594599003055, vstest.console.dll, TestPluginCache.DiscoverTestExtensions: finding test extensions in assemblies ends with: TestLogger.dll TPluginInfo: Microsoft.VisualStudio.TestPlatform.Common.ExtensionFramework.Utilities.TestLoggerPluginInformation TExtension: Microsoft.VisualStudio.TestPlatform.ObjectModel.Client.ITestLogger
TpTrace Verbose: 0 : 54816, 1, 2023/02/09, 23:38:48.841, 6594599005854, vstest.console.dll, TestPluginCache.GetExtensionPaths: Filtered extension paths: 
TpTrace Verbose: 0 : 54816, 1, 2023/02/09, 23:38:48.841, 6594599007077, vstest.console.dll, TestPluginCache.GetExtensionPaths: Added default extension paths: C:\Program Files\dotnet\sdk\7.0.100\Extensions\Microsoft.Diagnostics.NETCore.Client.dll
C:\Program Files\dotnet\sdk\7.0.100\Extensions\Microsoft.TestPlatform.Extensions.BlameDataCollector.dll
C:\Program Files\dotnet\sdk\7.0.100\Extensions\Microsoft.TestPlatform.Extensions.EventLogCollector.dll
C:\Program Files\dotnet\sdk\7.0.100\Extensions\Microsoft.TestPlatform.TestHostRuntimeProvider.dll
C:\Program Files\dotnet\sdk\7.0.100\Extensions\Microsoft.VisualStudio.TestPlatform.Extensions.Html.TestLogger.dll
C:\Program Files\dotnet\sdk\7.0.100\Extensions\Microsoft.VisualStudio.TestPlatform.Extensions.Trx.TestLogger.dll
TpTrace Verbose: 0 : 54816, 1, 2023/02/09, 23:38:48.841, 6594599008194, vstest.console.dll, TestPluginCache.GetExtensionPaths: Added unfilterableExtensionPaths: 
TpTrace Information: 0 : 54816, 1, 2023/02/09, 23:38:48.842, 6594599011729, vstest.console.dll, AssemblyResolver.AddSearchDirectories: Adding more searchDirectories C:\Program Files\dotnet\sdk\7.0.100\Extensions,C:\Program Files\dotnet\sdk\7.0.100
TpTrace Verbose: 0 : 54816, 1, 2023/02/09, 23:38:48.842, 6594599013047, vstest.console.dll, TestPluginCache.DiscoverTestExtensions: Discovering the extensions using extension path.
TpTrace Verbose: 0 : 54816, 1, 2023/02/09, 23:38:48.842, 6594599014055, vstest.console.dll, TestPluginCache.GetExtensionPaths: Filtered extension paths: 
TpTrace Verbose: 0 : 54816, 1, 2023/02/09, 23:38:48.842, 6594599015085, vstest.console.dll, TestPluginCache.GetExtensionPaths: Added default extension paths: C:\Program Files\dotnet\sdk\7.0.100\Extensions\Microsoft.Diagnostics.NETCore.Client.dll
C:\Program Files\dotnet\sdk\7.0.100\Extensions\Microsoft.TestPlatform.Extensions.BlameDataCollector.dll
C:\Program Files\dotnet\sdk\7.0.100\Extensions\Microsoft.TestPlatform.Extensions.EventLogCollector.dll
C:\Program Files\dotnet\sdk\7.0.100\Extensions\Microsoft.TestPlatform.TestHostRuntimeProvider.dll
C:\Program Files\dotnet\sdk\7.0.100\Extensions\Microsoft.VisualStudio.TestPlatform.Extensions.Html.TestLogger.dll
C:\Program Files\dotnet\sdk\7.0.100\Extensions\Microsoft.VisualStudio.TestPlatform.Extensions.Trx.TestLogger.dll
TpTrace Verbose: 0 : 54816, 1, 2023/02/09, 23:38:48.842, 6594599015966, vstest.console.dll, TestPluginCache.GetExtensionPaths: Added unfilterableExtensionPaths: 
TpTrace Verbose: 0 : 54816, 1, 2023/02/09, 23:38:48.842, 6594599016993, vstest.console.dll, TestPluginCache.DiscoverTestExtensions: Discovering the extensions using allExtensionPaths: C:\Program Files\dotnet\sdk\7.0.100\Extensions\Microsoft.Diagnostics.NETCore.Client.dll
C:\Program Files\dotnet\sdk\7.0.100\Extensions\Microsoft.TestPlatform.Extensions.BlameDataCollector.dll
C:\Program Files\dotnet\sdk\7.0.100\Extensions\Microsoft.TestPlatform.Extensions.EventLogCollector.dll
C:\Program Files\dotnet\sdk\7.0.100\Extensions\Microsoft.TestPlatform.TestHostRuntimeProvider.dll
C:\Program Files\dotnet\sdk\7.0.100\Extensions\Microsoft.VisualStudio.TestPlatform.Extensions.Html.TestLogger.dll
C:\Program Files\dotnet\sdk\7.0.100\Extensions\Microsoft.VisualStudio.TestPlatform.Extensions.Trx.TestLogger.dll
TpTrace Information: 0 : 54816, 1, 2023/02/09, 23:38:48.842, 6594599019353, vstest.console.dll, AssemblyResolver.AddSearchDirectories: Adding more searchDirectories C:\Program Files\dotnet\sdk\7.0.100\Extensions,C:\Program Files\dotnet\sdk\7.0.100
TpTrace Information: 0 : 54816, 1, 2023/02/09, 23:38:48.843, 6594599020723, vstest.console.dll, AssemblyResolver.AddSearchDirectories: Adding more searchDirectories C:\Program Files\dotnet\sdk\7.0.100\Extensions,C:\Program Files\dotnet\sdk\7.0.100
TpTrace Information: 0 : 54816, 1, 2023/02/09, 23:38:48.843, 6594599021786, vstest.console.dll, AssemblyResolver.AddSearchDirectories: Adding more searchDirectories C:\Program Files\dotnet\sdk\7.0.100\Extensions,C:\Program Files\dotnet\sdk\7.0.100
TpTrace Information: 0 : 54816, 1, 2023/02/09, 23:38:48.843, 6594599022683, vstest.console.dll, AssemblyResolver.AddSearchDirectories: Adding more searchDirectories C:\Program Files\dotnet\sdk\7.0.100\Extensions,C:\Program Files\dotnet\sdk\7.0.100
TpTrace Information: 0 : 54816, 1, 2023/02/09, 23:38:48.843, 6594599023722, vstest.console.dll, AssemblyResolver.AddSearchDirectories: Adding more searchDirectories C:\Program Files\dotnet\sdk\7.0.100\Extensions,C:\Program Files\dotnet\sdk\7.0.100
TpTrace Information: 0 : 54816, 1, 2023/02/09, 23:38:48.843, 6594599024649, vstest.console.dll, AssemblyResolver.AddSearchDirectories: Adding more searchDirectories C:\Program Files\dotnet\sdk\7.0.100\Extensions,C:\Program Files\dotnet\sdk\7.0.100
TpTrace Verbose: 0 : 54816, 1, 2023/02/09, 23:38:48.843, 6594599027529, vstest.console.dll, MetadataReaderExtensionsHelper: Discovering extensions inside assembly 'Microsoft.Diagnostics.NETCore.Client, Version=0.2.6.42401, Culture=neutral, PublicKeyToken=31bf3856ad364e35' file path 'C:\Program Files\dotnet\sdk\7.0.100\Extensions\Microsoft.Diagnostics.NETCore.Client.dll'
TpTrace Information: 0 : 54816, 1, 2023/02/09, 23:38:48.845, 6594599043069, vstest.console.dll, AssemblyResolver.OnResolve: Microsoft.Bcl.AsyncInterfaces: Resolving assembly.
TpTrace Information: 0 : 54816, 1, 2023/02/09, 23:38:48.845, 6594599044792, vstest.console.dll, AssemblyResolver.OnResolve: Microsoft.Bcl.AsyncInterfaces: Resolved from cache.
TpTrace Verbose: 0 : 54816, 1, 2023/02/09, 23:38:48.845, 6594599045732, vstest.console.dll, CurrentDomainAssemblyResolve: Resolving assembly 'Microsoft.Bcl.AsyncInterfaces'.
TpTrace Information: 0 : 54816, 1, 2023/02/09, 23:38:48.845, 6594599046985, vstest.console.dll, AssemblyResolver.OnResolve: Microsoft.Bcl.AsyncInterfaces: Resolving assembly.
TpTrace Information: 0 : 54816, 1, 2023/02/09, 23:38:48.845, 6594599048230, vstest.console.dll, AssemblyResolver.OnResolve: Microsoft.Bcl.AsyncInterfaces: Resolved from cache.
TpTrace Verbose: 0 : 54816, 1, 2023/02/09, 23:38:48.845, 6594599049196, vstest.console.dll, CurrentDomainAssemblyResolve: Resolving assembly 'Microsoft.Bcl.AsyncInterfaces'.
TpTrace Verbose: 0 : 54816, 1, 2023/02/09, 23:38:48.845, 6594599050011, vstest.console.dll, CurrentDomainAssemblyResolve: Failed to resolve assembly 'Microsoft.Bcl.AsyncInterfaces'.
TpTrace Verbose: 0 : 54816, 1, 2023/02/09, 23:38:48.846, 6594599053438, vstest.console.dll, CurrentDomainAssemblyResolve: Failed to resolve assembly 'Microsoft.Bcl.AsyncInterfaces'.
TpTrace Warning: 0 : 54816, 1, 2023/02/09, 23:38:48.847, 6594599061284, vstest.console.dll, TestPluginDiscoverer: Failed to get types from assembly 'Microsoft.Diagnostics.NETCore.Client, Version=0.2.6.42401, Culture=neutral, PublicKeyToken=31bf3856ad364e35'. Error: System.Reflection.ReflectionTypeLoadException: Unable to load one or more of the requested types.
Could not load file or assembly 'Microsoft.Bcl.AsyncInterfaces, Version=1.0.0.0, Culture=neutral, PublicKeyToken=cc7b13ffcd2ddd51'. The system cannot find the file specified.
   at System.Reflection.RuntimeModule.GetTypes(RuntimeModule module)
   at System.Reflection.Assembly.GetTypes()
   at Microsoft.VisualStudio.TestPlatform.Common.ExtensionFramework.TestPluginDiscoverer.GetTestExtensionsFromAssembly[TPluginInfo,TExtension](Assembly assembly, Dictionary`2 pluginInfos, String filePath)
System.IO.FileNotFoundException: Could not load file or assembly 'Microsoft.Bcl.AsyncInterfaces, Version=1.0.0.0, Culture=neutral, PublicKeyToken=cc7b13ffcd2ddd51'. The system cannot find the file specified.
File name: 'Microsoft.Bcl.AsyncInterfaces, Version=1.0.0.0, Culture=neutral, PublicKeyToken=cc7b13ffcd2ddd51'
 ---> System.IO.FileNotFoundException: Could not load file or assembly 'Microsoft.Bcl.AsyncInterfaces, Culture=neutral, PublicKeyToken=null'. The system cannot find the file specified.
File name: 'Microsoft.Bcl.AsyncInterfaces, Culture=neutral, PublicKeyToken=null'
   at System.Reflection.RuntimeAssembly.InternalLoad(AssemblyName assemblyName, StackCrawlMark& stackMark, AssemblyLoadContext assemblyLoadContext, RuntimeAssembly requestingAssembly, Boolean throwOnFileNotFound)
   at System.Reflection.Assembly.Load(AssemblyName assemblyRef)
   at Microsoft.VisualStudio.TestPlatform.Common.ExtensionFramework.TestPluginCache.CurrentDomainAssemblyResolve(Object sender, AssemblyResolveEventArgs args)
   at System.Runtime.Loader.AssemblyLoadContext.GetFirstResolvedAssemblyFromResolvingEvent(AssemblyName assemblyName)
   at System.Runtime.Loader.AssemblyLoadContext.ResolveUsingEvent(AssemblyName assemblyName)
   at System.Runtime.Loader.AssemblyLoadContext.ResolveUsingResolvingEvent(IntPtr gchManagedAssemblyLoadContext, AssemblyName assemblyName)
TpTrace Warning: 0 : 54816, 1, 2023/02/09, 23:38:48.847, 6594599065459, vstest.console.dll, LoaderExceptions: System.IO.FileNotFoundException: Could not load file or assembly 'Microsoft.Bcl.AsyncInterfaces, Version=1.0.0.0, Culture=neutral, PublicKeyToken=cc7b13ffcd2ddd51'. The system cannot find the file specified.
File name: 'Microsoft.Bcl.AsyncInterfaces, Version=1.0.0.0, Culture=neutral, PublicKeyToken=cc7b13ffcd2ddd51'
 ---> System.IO.FileNotFoundException: Could not load file or assembly 'Microsoft.Bcl.AsyncInterfaces, Culture=neutral, PublicKeyToken=null'. The system cannot find the file specified.
File name: 'Microsoft.Bcl.AsyncInterfaces, Culture=neutral, PublicKeyToken=null'
   at System.Reflection.RuntimeAssembly.InternalLoad(AssemblyName assemblyName, StackCrawlMark& stackMark, AssemblyLoadContext assemblyLoadContext, RuntimeAssembly requestingAssembly, Boolean throwOnFileNotFound)
   at System.Reflection.Assembly.Load(AssemblyName assemblyRef)
   at Microsoft.VisualStudio.TestPlatform.Common.ExtensionFramework.TestPluginCache.CurrentDomainAssemblyResolve(Object sender, AssemblyResolveEventArgs args)
   at System.Runtime.Loader.AssemblyLoadContext.GetFirstResolvedAssemblyFromResolvingEvent(AssemblyName assemblyName)
   at System.Runtime.Loader.AssemblyLoadContext.ResolveUsingEvent(AssemblyName assemblyName)
   at System.Runtime.Loader.AssemblyLoadContext.ResolveUsingResolvingEvent(IntPtr gchManagedAssemblyLoadContext, AssemblyName assemblyName)
TpTrace Verbose: 0 : 54816, 1, 2023/02/09, 23:38:48.847, 6594599067718, vstest.console.dll, MetadataReaderExtensionsHelper: Discovering extensions inside assembly 'Microsoft.TestPlatform.Extensions.BlameDataCollector, Version=15.0.0.0, Culture=neutral, PublicKeyToken=b03f5f7f11d50a3a' file path 'C:\Program Files\dotnet\sdk\7.0.100\Extensions\Microsoft.TestPlatform.Extensions.BlameDataCollector.dll'
TpTrace Information: 0 : 54816, 1, 2023/02/09, 23:38:48.848, 6594599078409, vstest.console.dll, GetTestExtensionFromType: Register extension with identifier data 'logger://Microsoft/TestPlatform/Extensions/Blame/v1' and type 'Microsoft.TestPlatform.Extensions.BlameDataCollector.BlameLogger, Microsoft.TestPlatform.Extensions.BlameDataCollector, Version=15.0.0.0, Culture=neutral, PublicKeyToken=b03f5f7f11d50a3a' inside file 'C:\Program Files\dotnet\sdk\7.0.100\Extensions\Microsoft.TestPlatform.Extensions.BlameDataCollector.dll'
TpTrace Verbose: 0 : 54816, 1, 2023/02/09, 23:38:48.848, 6594599080395, vstest.console.dll, MetadataReaderExtensionsHelper: Discovering extensions inside assembly 'Microsoft.TestPlatform.Extensions.EventLogCollector, Version=15.0.0.0, Culture=neutral, PublicKeyToken=b03f5f7f11d50a3a' file path 'C:\Program Files\dotnet\sdk\7.0.100\Extensions\Microsoft.TestPlatform.Extensions.EventLogCollector.dll'
TpTrace Verbose: 0 : 54816, 1, 2023/02/09, 23:38:48.849, 6594599089269, vstest.console.dll, MetadataReaderExtensionsHelper: Discovering extensions inside assembly 'Microsoft.TestPlatform.TestHostRuntimeProvider, Version=15.0.0.0, Culture=neutral, PublicKeyToken=b03f5f7f11d50a3a' file path 'C:\Program Files\dotnet\sdk\7.0.100\Extensions\Microsoft.TestPlatform.TestHostRuntimeProvider.dll'
TpTrace Verbose: 0 : 54816, 1, 2023/02/09, 23:38:48.850, 6594599096772, vstest.console.dll, MetadataReaderExtensionsHelper: Discovering extensions inside assembly 'Microsoft.VisualStudio.TestPlatform.Extensions.Html.TestLogger, Version=15.0.0.0, Culture=neutral, PublicKeyToken=b03f5f7f11d50a3a' file path 'C:\Program Files\dotnet\sdk\7.0.100\Extensions\Microsoft.VisualStudio.TestPlatform.Extensions.Html.TestLogger.dll'
TpTrace Information: 0 : 54816, 1, 2023/02/09, 23:38:48.851, 6594599106960, vstest.console.dll, GetTestExtensionFromType: Register extension with identifier data 'logger://Microsoft/TestPlatform/HtmlLogger/v1' and type 'Microsoft.VisualStudio.TestPlatform.Extensions.HtmlLogger.HtmlLogger, Microsoft.VisualStudio.TestPlatform.Extensions.Html.TestLogger, Version=15.0.0.0, Culture=neutral, PublicKeyToken=b03f5f7f11d50a3a' inside file 'C:\Program Files\dotnet\sdk\7.0.100\Extensions\Microsoft.VisualStudio.TestPlatform.Extensions.Html.TestLogger.dll'
TpTrace Verbose: 0 : 54816, 1, 2023/02/09, 23:38:48.851, 6594599109037, vstest.console.dll, MetadataReaderExtensionsHelper: Discovering extensions inside assembly 'Microsoft.VisualStudio.TestPlatform.Extensions.Trx.TestLogger, Version=15.0.0.0, Culture=neutral, PublicKeyToken=b03f5f7f11d50a3a' file path 'C:\Program Files\dotnet\sdk\7.0.100\Extensions\Microsoft.VisualStudio.TestPlatform.Extensions.Trx.TestLogger.dll'
TpTrace Information: 0 : 54816, 1, 2023/02/09, 23:38:48.852, 6594599117308, vstest.console.dll, GetTestExtensionFromType: Register extension with identifier data 'logger://Microsoft/TestPlatform/TrxLogger/v1' and type 'Microsoft.VisualStudio.TestPlatform.Extensions.TrxLogger.TrxLogger, Microsoft.VisualStudio.TestPlatform.Extensions.Trx.TestLogger, Version=15.0.0.0, Culture=neutral, PublicKeyToken=b03f5f7f11d50a3a' inside file 'C:\Program Files\dotnet\sdk\7.0.100\Extensions\Microsoft.VisualStudio.TestPlatform.Extensions.Trx.TestLogger.dll'
TpTrace Verbose: 0 : 54816, 1, 2023/02/09, 23:38:48.852, 6594599119531, vstest.console.dll, TestPluginCache: Discovered the extensions using extension path ''.
TpTrace Verbose: 0 : 54816, 1, 2023/02/09, 23:38:48.853, 6594599120781, vstest.console.dll, TestPluginCache: Discoverers are ''.
TpTrace Verbose: 0 : 54816, 1, 2023/02/09, 23:38:48.853, 6594599121836, vstest.console.dll, TestPluginCache: Executors are ''.
TpTrace Verbose: 0 : 54816, 1, 2023/02/09, 23:38:48.853, 6594599122442, vstest.console.dll, TestPluginCache: Executors2 are ''.
TpTrace Verbose: 0 : 54816, 1, 2023/02/09, 23:38:48.853, 6594599122963, vstest.console.dll, TestPluginCache: Setting providers are ''.
TpTrace Verbose: 0 : 54816, 1, 2023/02/09, 23:38:48.853, 6594599124368, vstest.console.dll, TestPluginCache: Loggers are 'logger://Microsoft/TestPlatform/Extensions/Blame/v1,logger://Microsoft/TestPlatform/HtmlLogger/v1,logger://Microsoft/TestPlatform/TrxLogger/v1'.
TpTrace Verbose: 0 : 54816, 1, 2023/02/09, 23:38:48.853, 6594599125754, vstest.console.dll, TestPluginCache: TestHosts are 'HostProvider://DefaultTestHost,HostProvider://DotnetTestHost'.
TpTrace Verbose: 0 : 54816, 1, 2023/02/09, 23:38:48.853, 6594599127446, vstest.console.dll, TestPluginCache: DataCollectors are ''.
TpTrace Information: 0 : 54816, 1, 2023/02/09, 23:38:48.856, 6594599160415, vstest.console.dll, TestPluginManager.CreateTestExtension: Attempting to load test extension: Microsoft.TestPlatform.Extensions.BlameDataCollector.BlameLogger
TpTrace Verbose: 0 : 54816, 1, 2023/02/09, 23:38:48.877, 6594599367359, vstest.console.dll, TestEngine: Initializing Parallel Execution as MaxCpuCount is set to: 1
TpTrace Information: 0 : 54816, 1, 2023/02/09, 23:38:48.883, 6594599430564, vstest.console.dll, TestPluginManager.CreateTestExtension: Attempting to load test extension: Microsoft.VisualStudio.TestPlatform.CrossPlatEngine.Hosting.DefaultTestHostManager
TpTrace Information: 0 : 54816, 1, 2023/02/09, 23:38:48.886, 6594599458725, vstest.console.dll, TestPluginManager.CreateTestExtension: Attempting to load test extension: Microsoft.VisualStudio.TestPlatform.CrossPlatEngine.Hosting.DotnetTestHostManager
TpTrace Information: 0 : 54816, 1, 2023/02/09, 23:38:48.889, 6594599485759, vstest.console.dll, InferRunSettingsHelper.IsTestSettingsEnabled: Unable to navigate to RunSettings/MSTest. Current node: RunSettings
TpTrace Verbose: 0 : 54816, 1, 2023/02/09, 23:38:48.900, 6594599600404, vstest.console.dll, TestEngine.GetExecutionManager: Chosen execution manager 'Microsoft.VisualStudio.TestPlatform.CrossPlatEngine.Client.Parallel.ParallelProxyExecutionManager, Microsoft.TestPlatform.CrossPlatEngine, Version=15.0.0.0, Culture=neutral, PublicKeyToken=b03f5f7f11d50a3a' ParallelLevel '1'.
TpTrace Verbose: 0 : 54816, 1, 2023/02/09, 23:38:48.901, 6594599605514, vstest.console.dll, TestRunRequest.ExecuteAsync: Creating test run request.
TpTrace Verbose: 0 : 54816, 1, 2023/02/09, 23:38:48.902, 6594599613170, vstest.console.dll, TestRunRequest.ExecuteAsync: Starting.
TpTrace Information: 0 : 54816, 1, 2023/02/09, 23:38:48.902, 6594599620530, vstest.console.dll, TestRunRequest.ExecuteAsync: Starting run with settings:TestRunCriteria:
   KeepAlive=False,FrequencyOfRunStatsChangeEvent=10,RunStatsChangeEventTimeout=00:00:01.5000000,TestCaseFilter=,TestExecutorLauncher=
   Settingsxml=<RunSettings>
  <RunConfiguration>
    <ResultsDirectory>C:\Users\CarlosGamboa\Development\training\back-end\csharp\CookieCarFactory\CookieCarFactory.Test\bin\Debug\net7.0\fine-code-coverage\coverage-tool-output</ResultsDirectory>
    <TargetPlatform>X64</TargetPlatform>
    <TargetFrameworkVersion>.NETCoreApp,Version=v7.0</TargetFrameworkVersion>
    <DesignMode>False</DesignMode>
    <CollectSourceInformation>False</CollectSourceInformation>
  </RunConfiguration>
  <LoggerRunSettings>
    <Loggers>
      <Logger friendlyName="blame" enabled="True" />
      <Logger friendlyName="Console" uri="logger://microsoft/TestPlatform/ConsoleLogger/v1" assemblyQualifiedName="Microsoft.VisualStudio.TestPlatform.CommandLine.Internal.ConsoleLogger, vstest.console, Version=15.0.0.0, Culture=neutral, PublicKeyToken=b03f5f7f11d50a3a" codeBase="C:\Program Files\dotnet\sdk\7.0.100\vstest.console.dll" enabled="True" />
    </Loggers>
  </LoggerRunSettings>
  <DataCollectionRunSettings>
    <DataCollectors>
      <DataCollector friendlyName="blame" enabled="True">
        <Configuration>
          <ResultsDirectory>C:\Users\CarlosGamboa\Development\training\back-end\csharp\CookieCarFactory\CookieCarFactory.Test\bin\Debug\net7.0\fine-code-coverage\coverage-tool-output</ResultsDirectory>
        </Configuration>
      </DataCollector>
    </DataCollectors>
  </DataCollectionRunSettings>
</RunSettings>

TpTrace Verbose: 0 : 54816, 1, 2023/02/09, 23:38:48.903, 6594599621962, vstest.console.dll, TestRunRequest.ExecuteAsync: Wait for the first run request is over.
TpTrace Verbose: 0 : 54816, 1, 2023/02/09, 23:38:48.904, 6594599638600, vstest.console.dll, MulticastDelegateUtilities.SafeInvoke: TestRun.TestRunStart: Invoking callbacks was skipped because there are no subscribers.
TpTrace Verbose: 0 : 54816, 4, 2023/02/09, 23:38:48.905, 6594599645344, vstest.console.dll, MulticastDelegateUtilities.SafeInvoke: InternalTestLoggerEvents.SendTestRunStart: Invoking callback 1/1 for Microsoft.VisualStudio.TestPlatform.CommandLine.Internal.ConsoleLogger., took 0 ms.
TpTrace Verbose: 0 : 54816, 1, 2023/02/09, 23:38:48.909, 6594599690450, vstest.console.dll, ParallelProxyExecutionManager: Start execution. Total sources: 1
TpTrace Verbose: 0 : 54816, 1, 2023/02/09, 23:38:48.916, 6594599758489, vstest.console.dll, TestRequestSender is acting as server.
TpTrace Verbose: 0 : 54816, 1, 2023/02/09, 23:38:48.920, 6594599793821, vstest.console.dll, DataCollectionRequestSender.InitializeCommunication : Initialize communication. 
TpTrace Information: 0 : 54816, 1, 2023/02/09, 23:38:48.932, 6594599919540, vstest.console.dll, Listening on Endpoint : 127.0.0.1:55429
TpTrace Verbose: 0 : 54816, 1, 2023/02/09, 23:38:48.950, 6594600092517, vstest.console.dll, DotnetDataCollectionLauncher: Adding  --runtimeconfig "C:\Program Files\dotnet\sdk\7.0.100\datacollector.runtimeconfig.json" in args
TpTrace Verbose: 0 : 54816, 1, 2023/02/09, 23:38:48.950, 6594600096165, vstest.console.dll, DotnetDataCollectionLauncher: Adding  --depsfile "C:\Program Files\dotnet\sdk\7.0.100\datacollector.deps.json" in args
TpTrace Verbose: 0 : 54816, 1, 2023/02/09, 23:38:48.951, 6594600103653, vstest.console.dll, DotnetDataCollectionLauncher: Full path of dotnet.exe is C:\Program Files\dotnet\dotnet.exe
TpTrace Information: 0 : 54816, 1, 2023/02/09, 23:38:48.973, 6594600321460, vstest.console.dll, ProxyDataCollectionManager.Initialize: Launched datacollector processId: 72488 port: 55429
TpTrace Information: 0 : 54816, 1, 2023/02/09, 23:38:48.973, 6594600325268, vstest.console.dll, ProxyDataCollectionManager.Initialize: waiting for connection with timeout: 90 seconds
TpTrace Verbose: 0 : 54816, 1, 2023/02/09, 23:38:48.973, 6594600326915, vstest.console.dll, DataCollectionRequestSender.WaitForRequestHandlerConnection : Waiting for connection with timeout: 90000
TpTrace Verbose: 0 : 54816, 1, 2023/02/09, 23:38:49.449, 6594605086409, vstest.console.dll, SocketCommunicationManager.WaitForClientConnection took: 475 ms, with 90000 ms timeout, and finished with True.
TpTrace Verbose: 0 : 54816, 1, 2023/02/09, 23:38:49.449, 6594605089255, vstest.console.dll, ProxyDataCollectionManager.InvokeDataCollectionServiceAction: Starting.
TpTrace Information: 0 : 54816, 1, 2023/02/09, 23:38:49.450, 6594605090686, vstest.console.dll, ProxyDataCollectionManager.BeforeTestRunStart: Get environment variable and port for datacollector processId: 72488 port: 55429
TpTrace Verbose: 0 : 54816, 1, 2023/02/09, 23:38:49.450, 6594605094288, vstest.console.dll, DataCollectionRequestSender.SendBeforeTestRunStartAndGetResult: Send BeforeTestRunStart message with settingsXml <RunSettings><RunConfiguration><ResultsDirectory>C:\Users\CarlosGamboa\Development\training\back-end\csharp\CookieCarFactory\CookieCarFactory.Test\bin\Debug\net7.0\fine-code-coverage\coverage-tool-output</ResultsDirectory><TargetPlatform>X64</TargetPlatform><TargetFrameworkVersion>.NETCoreApp,Version=v7.0</TargetFrameworkVersion><DesignMode>False</DesignMode><CollectSourceInformation>False</CollectSourceInformation><TestAdaptersPaths>C:\Program Files\dotnet\sdk\7.0.100\Extensions</TestAdaptersPaths></RunConfiguration><LoggerRunSettings><Loggers><Logger friendlyName="blame" enabled="True" /><Logger friendlyName="Console" uri="logger://microsoft/TestPlatform/ConsoleLogger/v1" assemblyQualifiedName="Microsoft.VisualStudio.TestPlatform.CommandLine.Internal.ConsoleLogger, vstest.console, Version=15.0.0.0, Culture=neutral, PublicKeyToken=b03f5f7f11d50a3a" codeBase="C:\Program Files\dotnet\sdk\7.0.100\vstest.console.dll" enabled="True" /></Loggers></LoggerRunSettings><DataCollectionRunSettings><DataCollectors><DataCollector friendlyName="blame" enabled="True"><Configuration><ResultsDirectory>C:\Users\CarlosGamboa\Development\training\back-end\csharp\CookieCarFactory\CookieCarFactory.Test\bin\Debug\net7.0\fine-code-coverage\coverage-tool-output</ResultsDirectory></Configuration></DataCollector></DataCollectors></DataCollectionRunSettings></RunSettings> and sources System.Collections.Generic.List`1[System.String]: 
TpTrace Information: 0 : 54816, 7, 2023/02/09, 23:38:49.449, 6594605086308, vstest.console.dll, Using the buffer size of 16384 bytes
TpTrace Information: 0 : 54816, 7, 2023/02/09, 23:38:49.451, 6594605101049, vstest.console.dll, Accepted Client request and set the flag
TpTrace Verbose: 0 : 54816, 1, 2023/02/09, 23:38:49.588, 6594606470955, vstest.console.dll, DataCollectionRequestSender.SendBeforeTestRunStartAndGetResult: Received message: (DataCollection.SendMessage) -> {"MessageType":"DataCollection.SendMessage","Payload":{"FriendlyName":null,"Uri":null,"TestCaseId":"00000000-0000-0000-0000-000000000000","Message":"Logging DataCollector Diagnostics in file: C:\\Users\\CarlosGamboa\\Development\\training\\back-end\\csharp\\CookieCarFactory\\CookieCarFactory.Test\\bin\\Debug\\net7.0\\fine-code-coverage\\coverage-tool-output\\diagnostics.datacollector.23-02-09_23-38-48_94955_1.log","Level":0}}
TpTrace Verbose: 0 : 54816, 1, 2023/02/09, 23:38:49.731, 6594607901664, vstest.console.dll, DataCollectionRequestSender.SendBeforeTestRunStartAndGetResult: Received message: (DataCollection.BeforeTestRunStartResult) -> {"MessageType":"DataCollection.BeforeTestRunStartResult","Payload":{"EnvironmentVariables":{},"DataCollectionEventsPort":55431}}
TpTrace Information: 0 : 54816, 1, 2023/02/09, 23:38:49.741, 6594608000704, vstest.console.dll, ProxyDataCollectionManager.BeforeTestRunStart: SendBeforeTestRunStartAndGetResult successful, env variable from datacollector:   and testhost port: 55431
TpTrace Information: 0 : 54816, 1, 2023/02/09, 23:38:49.741, 6594608002791, vstest.console.dll, ProxyDataCollectionManager.InvokeDataCollectionServiceAction: Completed.
TpTrace Verbose: 0 : 54816, 1, 2023/02/09, 23:38:49.741, 6594608005619, vstest.console.dll, ProxyParallelExecutionManager: No sources available for execution.
TpTrace Verbose: 0 : 54816, 11, 2023/02/09, 23:38:49.741, 6594608005738, vstest.console.dll, ParallelProxyExecutionManager: Execution started. Started clients: 1
TpTrace Information: 0 : 54816, 1, 2023/02/09, 23:38:49.741, 6594608007272, vstest.console.dll, TestRunRequest.ExecuteAsync: Started.
TpTrace Verbose: 0 : 54816, 1, 2023/02/09, 23:38:49.741, 6594608010559, vstest.console.dll, TestRunRequest.WaitForCompletion: Waiting with timeout -1.
TpTrace Verbose: 0 : 54816, 11, 2023/02/09, 23:38:49.742, 6594608012534, vstest.console.dll, TestRunRequest:SendTestRunMessage: Starting.
TpTrace Verbose: 0 : 54816, 11, 2023/02/09, 23:38:49.742, 6594608015384, vstest.console.dll, MulticastDelegateUtilities.SafeInvoke: TestRun.LogMessages: Invoking callback 1/1 for Microsoft.VisualStudio.TestPlatform.CommandLine.TestRunResultAggregator., took 0 ms.
TpTrace Information: 0 : 54816, 11, 2023/02/09, 23:38:49.742, 6594608016411, vstest.console.dll, TestRunRequest:SendTestRunMessage: Completed.
TpTrace Verbose: 0 : 54816, 4, 2023/02/09, 23:38:49.742, 6594608018474, vstest.console.dll, MulticastDelegateUtilities.SafeInvoke: InternalTestLoggerEvents.SendTestRunMessage: Invoking callback 1/1 for Microsoft.VisualStudio.TestPlatform.CommandLine.Internal.ConsoleLogger., took 0 ms.
TpTrace Verbose: 0 : 54816, 11, 2023/02/09, 23:38:49.742, 6594608020501, vstest.console.dll, ProxyExecutionManager: Test host is always Lazy initialize.
TpTrace Verbose: 0 : 54816, 11, 2023/02/09, 23:38:49.743, 6594608024760, vstest.console.dll, TestRequestSender.InitializeCommunication: initialize communication. 
TpTrace Information: 0 : 54816, 11, 2023/02/09, 23:38:49.744, 6594608033802, vstest.console.dll, SocketServer.Start: Listening on endpoint : 127.0.0.1:55432
TpTrace Verbose: 0 : 54816, 11, 2023/02/09, 23:38:49.745, 6594608048930, vstest.console.dll, DotnetTestHostmanager.GetTestHostProcessStartInfo: Platform environment 'X64' target architecture 'X64' framework '.NETCoreApp,Version=v7.0' OS 'Windows'
TpTrace Verbose: 0 : 54816, 11, 2023/02/09, 23:38:49.746, 6594608053402, vstest.console.dll, DotnetTestHostmanager: Adding  --runtimeconfig "C:\Users\CarlosGamboa\Development\training\back-end\csharp\CookieCarFactory\CookieCarFactory.Test\bin\Debug\net7.0\fine-code-coverage\build-output\CookieCarFactory.Test.runtimeconfig.json" in args
TpTrace Verbose: 0 : 54816, 11, 2023/02/09, 23:38:49.746, 6594608055987, vstest.console.dll, DotnetTestHostmanager: Adding  --depsfile "C:\Users\CarlosGamboa\Development\training\back-end\csharp\CookieCarFactory\CookieCarFactory.Test\bin\Debug\net7.0\fine-code-coverage\build-output\CookieCarFactory.Test.deps.json" in args
TpTrace Verbose: 0 : 54816, 11, 2023/02/09, 23:38:49.746, 6594608059931, vstest.console.dll, DotnetTestHostmanager.IsWinOnArm: Current PROCESSOR_ARCHITECTURE from environment variable 'AMD64'
TpTrace Verbose: 0 : 54816, 11, 2023/02/09, 23:38:49.747, 6594608061272, vstest.console.dll, DotnetTestHostmanager.IsWinOnArm: Is Windows on ARM 'False'
TpTrace Verbose: 0 : 54816, 11, 2023/02/09, 23:38:49.747, 6594608063161, vstest.console.dll, DotnetTestHostManager: testhost.exe found at path: C:\Users\CarlosGamboa\Development\training\back-end\csharp\CookieCarFactory\CookieCarFactory.Test\bin\Debug\net7.0\fine-code-coverage\build-output\testhost.exe
TpTrace Verbose: 0 : 54816, 11, 2023/02/09, 23:38:49.747, 6594608064202, vstest.console.dll, DotnetTestHostmanager: Full path of host exe is C:\Users\CarlosGamboa\Development\training\back-end\csharp\CookieCarFactory\CookieCarFactory.Test\bin\Debug\net7.0\fine-code-coverage\build-output\testhost.exe
TpTrace Verbose: 0 : 54816, 11, 2023/02/09, 23:38:49.747, 6594608066690, vstest.console.dll, DotnetTestHostmanager.LaunchTestHostAsync: Found 'VSTEST_WINAPPHOST_DOTNET_ROOT' in env variables, value 'C:\Program Files\dotnet', forwarding to 'DOTNET_ROOT'
TpTrace Verbose: 0 : 54816, 11, 2023/02/09, 23:38:49.747, 6594608070068, vstest.console.dll, DotnetTestHostManager: Starting process 'C:\Users\CarlosGamboa\Development\training\back-end\csharp\CookieCarFactory\CookieCarFactory.Test\bin\Debug\net7.0\fine-code-coverage\build-output\testhost.exe' with command line ' --runtimeconfig "C:\Users\CarlosGamboa\Development\training\back-end\csharp\CookieCarFactory\CookieCarFactory.Test\bin\Debug\net7.0\fine-code-coverage\build-output\CookieCarFactory.Test.runtimeconfig.json" --depsfile "C:\Users\CarlosGamboa\Development\training\back-end\csharp\CookieCarFactory\CookieCarFactory.Test\bin\Debug\net7.0\fine-code-coverage\build-output\CookieCarFactory.Test.deps.json" --port 55432 --endpoint 127.0.0.1:055432 --role client --parentprocessid 54816 --diag "C:\Users\CarlosGamboa\Development\training\back-end\csharp\CookieCarFactory\CookieCarFactory.Test\bin\Debug\net7.0\fine-code-coverage\coverage-tool-output\diagnostics.host.23-02-09_23-38-49_74511_11.log" --tracelevel 4 --datacollectionport 55431 --telemetryoptedin false'
TpTrace Verbose: 0 : 54816, 11, 2023/02/09, 23:38:49.764, 6594608233627, vstest.console.dll, MulticastDelegateUtilities.SafeInvoke: HostProviderEvents.OnHostLaunched: Invoking callback 1/2 for Microsoft.VisualStudio.TestPlatform.CrossPlatEngine.Client.ProxyExecutionManagerWithDataCollection., took 2 ms.
TpTrace Verbose: 0 : 54816, 11, 2023/02/09, 23:38:49.764, 6594608239275, vstest.console.dll, Test Runtime launched
TpTrace Verbose: 0 : 54816, 11, 2023/02/09, 23:38:49.765, 6594608240943, vstest.console.dll, MulticastDelegateUtilities.SafeInvoke: HostProviderEvents.OnHostLaunched: Invoking callback 2/2 for Microsoft.VisualStudio.TestPlatform.CrossPlatEngine.Client.ProxyOperationManager., took 0 ms.
TpTrace Verbose: 0 : 54816, 11, 2023/02/09, 23:38:49.765, 6594608243891, vstest.console.dll, TestRequestSender.WaitForRequestHandlerConnection: waiting for connection with timeout: 90000.
TpTrace Verbose: 0 : 54816, 11, 2023/02/09, 23:38:50.337, 6594613965181, vstest.console.dll, TestRequestSender.WaitForRequestHandlerConnection: waiting took 572 ms, with timeout 90000 ms, and result 0, which is success.
TpTrace Verbose: 0 : 54816, 12, 2023/02/09, 23:38:50.337, 6594613965190, vstest.console.dll, MulticastDelegateUtilities.SafeInvoke: SocketServer: ClientConnected: Invoking callback 1/1 for Microsoft.VisualStudio.TestPlatform.CommunicationUtilities.TestRequestSender., took 0 ms.
TpTrace Verbose: 0 : 54816, 12, 2023/02/09, 23:38:50.337, 6594613968730, vstest.console.dll, SocketServer.OnClientConnected: Client connected for endPoint: 127.0.0.1:55432, starting MessageLoopAsync:
TpTrace Verbose: 0 : 54816, 12, 2023/02/09, 23:38:50.338, 6594613973287, vstest.console.dll, TcpClientExtensions.MessageLoopAsync: Polling on remoteEndPoint: 127.0.0.1:55433 localEndPoint: 127.0.0.1:55432
TpTrace Verbose: 0 : 54816, 11, 2023/02/09, 23:38:50.339, 6594613985924, vstest.console.dll, TestRequestSender.CheckVersionWithTestHost: Sending check version message: {"MessageType":"ProtocolVersion","Payload":7}
TpTrace Verbose: 0 : 54816, 12, 2023/02/09, 23:38:50.600, 6594616597507, vstest.console.dll, TcpClientExtensions.MessageLoopAsync: NotifyDataAvailable remoteEndPoint: 127.0.0.1:55433 localEndPoint: 127.0.0.1:55432
TpTrace Verbose: 0 : 54816, 12, 2023/02/09, 23:38:50.600, 6594616600391, vstest.console.dll, TestRequestSender.CheckVersionWithTestHost: onMessageReceived received message: (ProtocolVersion) -> {"MessageType":"ProtocolVersion","Payload":7}
TpTrace Verbose: 0 : 54816, 12, 2023/02/09, 23:38:50.601, 6594616609532, vstest.console.dll, MulticastDelegateUtilities.SafeInvoke: LengthPrefixCommunicationChannel: MessageReceived: Invoking callback 1/1 for Microsoft.VisualStudio.TestPlatform.CommunicationUtilities.TestRequestSender+<>c__DisplayClass26_0., took 0 ms.
TpTrace Verbose: 0 : 54816, 12, 2023/02/09, 23:38:50.602, 6594616610682, vstest.console.dll, TcpClientExtensions.MessageLoopAsync: Polling on remoteEndPoint: 127.0.0.1:55433 localEndPoint: 127.0.0.1:55432
TpTrace Verbose: 0 : 54816, 11, 2023/02/09, 23:38:50.602, 6594616611334, vstest.console.dll, TestPluginCache.GetExtensionPaths: Filtered extension paths: 
TpTrace Verbose: 0 : 54816, 11, 2023/02/09, 23:38:50.602, 6594616612552, vstest.console.dll, TestPluginCache.GetExtensionPaths: Added default extension paths: C:\Program Files\dotnet\sdk\7.0.100\Extensions\Microsoft.Diagnostics.NETCore.Client.dll
C:\Program Files\dotnet\sdk\7.0.100\Extensions\Microsoft.TestPlatform.Extensions.BlameDataCollector.dll
C:\Program Files\dotnet\sdk\7.0.100\Extensions\Microsoft.TestPlatform.Extensions.EventLogCollector.dll
C:\Program Files\dotnet\sdk\7.0.100\Extensions\Microsoft.TestPlatform.TestHostRuntimeProvider.dll
C:\Program Files\dotnet\sdk\7.0.100\Extensions\Microsoft.VisualStudio.TestPlatform.Extensions.Html.TestLogger.dll
C:\Program Files\dotnet\sdk\7.0.100\Extensions\Microsoft.VisualStudio.TestPlatform.Extensions.Trx.TestLogger.dll
TpTrace Verbose: 0 : 54816, 11, 2023/02/09, 23:38:50.602, 6594616613283, vstest.console.dll, TestPluginCache.GetExtensionPaths: Added unfilterableExtensionPaths: 
TpTrace Verbose: 0 : 54816, 11, 2023/02/09, 23:38:50.608, 6594616677620, vstest.console.dll, TestRequestSender.InitializeExecution: Sending initialize execution with message: {"Version":7,"MessageType":"TestExecution.Initialize","Payload":["C:\\Users\\CarlosGamboa\\Development\\training\\back-end\\csharp\\CookieCarFactory\\CookieCarFactory.Test\\bin\\Debug\\net7.0\\fine-code-coverage\\build-output\\xunit.runner.visualstudio.dotnetcore.testadapter.dll"]}
TpTrace Warning: 0 : 54816, 11, 2023/02/09, 23:38:50.609, 6594616685698, vstest.console.dll, InferRunSettingsHelper.MakeRunsettingsCompatible: Removing the following settings: TargetPlatform from RunSettings file. To use those settings please move to latest version of Microsoft.NET.Test.Sdk
TpTrace Verbose: 0 : 54816, 12, 2023/02/09, 23:38:50.612, 6594616714963, vstest.console.dll, TcpClientExtensions.MessageLoopAsync: NotifyDataAvailable remoteEndPoint: 127.0.0.1:55433 localEndPoint: 127.0.0.1:55432
TpTrace Verbose: 0 : 54816, 12, 2023/02/09, 23:38:50.612, 6594616720026, vstest.console.dll, TestRequestSender.OnExecutionMessageReceived: Received message: {"Version":7,"MessageType":"TestSession.Message","Payload":{"MessageLevel":0,"Message":"Logging TestHost Diagnostics in file: C:\\Users\\CarlosGamboa\\Development\\training\\back-end\\csharp\\CookieCarFactory\\CookieCarFactory.Test\\bin\\Debug\\net7.0\\fine-code-coverage\\coverage-tool-output\\diagnostics.host.23-02-09_23-38-49_74511_11.log"}}
TpTrace Verbose: 0 : 54816, 12, 2023/02/09, 23:38:50.616, 6594616751220, vstest.console.dll, TestRunRequest:SendTestRunMessage: Starting.
TpTrace Verbose: 0 : 54816, 12, 2023/02/09, 23:38:50.616, 6594616753373, vstest.console.dll, MulticastDelegateUtilities.SafeInvoke: TestRun.LogMessages: Invoking callback 1/1 for Microsoft.VisualStudio.TestPlatform.CommandLine.TestRunResultAggregator., took 0 ms.
TpTrace Information: 0 : 54816, 12, 2023/02/09, 23:38:50.616, 6594616753892, vstest.console.dll, TestRunRequest:SendTestRunMessage: Completed.
TpTrace Verbose: 0 : 54816, 4, 2023/02/09, 23:38:50.616, 6594616753817, vstest.console.dll, MulticastDelegateUtilities.SafeInvoke: InternalTestLoggerEvents.SendTestRunMessage: Invoking callback 1/1 for Microsoft.VisualStudio.TestPlatform.CommandLine.Internal.ConsoleLogger., took 0 ms.
TpTrace Verbose: 0 : 54816, 12, 2023/02/09, 23:38:50.616, 6594616754558, vstest.console.dll, MulticastDelegateUtilities.SafeInvoke: LengthPrefixCommunicationChannel: MessageReceived: Invoking callback 1/1 for Microsoft.VisualStudio.TestPlatform.CommunicationUtilities.TestRequestSender+<>c__DisplayClass31_0., took 3 ms.
TpTrace Verbose: 0 : 54816, 12, 2023/02/09, 23:38:50.616, 6594616756475, vstest.console.dll, TcpClientExtensions.MessageLoopAsync: Polling on remoteEndPoint: 127.0.0.1:55433 localEndPoint: 127.0.0.1:55432
TpTrace Verbose: 0 : 54816, 11, 2023/02/09, 23:38:50.623, 6594616824204, vstest.console.dll, TestRequestSender.StartTestRun: Sending test run with message: {"Version":7,"MessageType":"TestExecution.StartWithSources","Payload":{"AdapterSourceMap":{"_none_":["C:\\Users\\CarlosGamboa\\Development\\training\\back-end\\csharp\\CookieCarFactory\\CookieCarFactory.Test\\bin\\Debug\\net7.0\\fine-code-coverage\\build-output\\CookieCarFactory.Test.dll"]},"RunSettings":"<RunSettings>\r\n  <RunConfiguration>\r\n    <ResultsDirectory>C:\\Users\\CarlosGamboa\\Development\\training\\back-end\\csharp\\CookieCarFactory\\CookieCarFactory.Test\\bin\\Debug\\net7.0\\fine-code-coverage\\coverage-tool-output</ResultsDirectory>\r\n    <TargetFrameworkVersion>.NETCoreApp,Version=v7.0</TargetFrameworkVersion>\r\n    <DesignMode>False</DesignMode>\r\n    <CollectSourceInformation>False</CollectSourceInformation>\r\n  </RunConfiguration>\r\n  <LoggerRunSettings>\r\n    <Loggers>\r\n      <Logger friendlyName=\"blame\" enabled=\"True\" />\r\n      <Logger friendlyName=\"Console\" uri=\"logger://microsoft/TestPlatform/ConsoleLogger/v1\" assemblyQualifiedName=\"Microsoft.VisualStudio.TestPlatform.CommandLine.Internal.ConsoleLogger, vstest.console, Version=15.0.0.0, Culture=neutral, PublicKeyToken=b03f5f7f11d50a3a\" codeBase=\"C:\\Program Files\\dotnet\\sdk\\7.0.100\\vstest.console.dll\" enabled=\"True\" />\r\n    </Loggers>\r\n  </LoggerRunSettings>\r\n  <DataCollectionRunSettings>\r\n    <DataCollectors>\r\n      <DataCollector friendlyName=\"blame\" enabled=\"True\">\r\n        <Configuration>\r\n          <ResultsDirectory>C:\\Users\\CarlosGamboa\\Development\\training\\back-end\\csharp\\CookieCarFactory\\CookieCarFactory.Test\\bin\\Debug\\net7.0\\fine-code-coverage\\coverage-tool-output</ResultsDirectory>\r\n        </Configuration>\r\n      </DataCollector>\r\n    </DataCollectors>\r\n  </DataCollectionRunSettings>\r\n</RunSettings>","TestExecutionContext":{"FrequencyOfRunStatsChangeEvent":10,"RunStatsChangeEventTimeout":"00:00:01.5000000","InIsolation":false,"KeepAlive":false,"AreTestCaseLevelEventsRequired":false,"IsDebug":false,"TestCaseFilter":null,"FilterOptions":null},"Package":null}}
TpTrace Verbose: 0 : 54816, 12, 2023/02/09, 23:38:50.887, 6594619467892, vstest.console.dll, TcpClientExtensions.MessageLoopAsync: NotifyDataAvailable remoteEndPoint: 127.0.0.1:55433 localEndPoint: 127.0.0.1:55432
TpTrace Verbose: 0 : 54816, 12, 2023/02/09, 23:38:50.887, 6594619469554, vstest.console.dll, TestRequestSender.OnExecutionMessageReceived: Received message: {"Version":7,"MessageType":"TestSession.Message","Payload":{"MessageLevel":0,"Message":"[xUnit.net 00:00:00.00] xUnit.net VSTest Adapter v2.4.5+1caef2f33e (64-bit .NET 7.0.0)"}}
TpTrace Verbose: 0 : 54816, 12, 2023/02/09, 23:38:50.888, 6594619473811, vstest.console.dll, TestRunRequest:SendTestRunMessage: Starting.
TpTrace Verbose: 0 : 54816, 12, 2023/02/09, 23:38:50.888, 6594619475020, vstest.console.dll, MulticastDelegateUtilities.SafeInvoke: TestRun.LogMessages: Invoking callback 1/1 for Microsoft.VisualStudio.TestPlatform.CommandLine.TestRunResultAggregator., took 0 ms.
TpTrace Information: 0 : 54816, 12, 2023/02/09, 23:38:50.888, 6594619475712, vstest.console.dll, TestRunRequest:SendTestRunMessage: Completed.
TpTrace Verbose: 0 : 54816, 4, 2023/02/09, 23:38:50.888, 6594619475382, vstest.console.dll, MulticastDelegateUtilities.SafeInvoke: InternalTestLoggerEvents.SendTestRunMessage: Invoking callback 1/1 for Microsoft.VisualStudio.TestPlatform.CommandLine.Internal.ConsoleLogger., took 0 ms.
TpTrace Verbose: 0 : 54816, 12, 2023/02/09, 23:38:50.888, 6594619476363, vstest.console.dll, MulticastDelegateUtilities.SafeInvoke: LengthPrefixCommunicationChannel: MessageReceived: Invoking callback 1/1 for Microsoft.VisualStudio.TestPlatform.CommunicationUtilities.TestRequestSender+<>c__DisplayClass31_0., took 0 ms.
TpTrace Verbose: 0 : 54816, 12, 2023/02/09, 23:38:50.888, 6594619478429, vstest.console.dll, TcpClientExtensions.MessageLoopAsync: Polling on remoteEndPoint: 127.0.0.1:55433 localEndPoint: 127.0.0.1:55432
TpTrace Verbose: 0 : 54816, 12, 2023/02/09, 23:38:51.857, 6594629165170, vstest.console.dll, TcpClientExtensions.MessageLoopAsync: NotifyDataAvailable remoteEndPoint: 127.0.0.1:55433 localEndPoint: 127.0.0.1:55432
TpTrace Verbose: 0 : 54816, 12, 2023/02/09, 23:38:51.857, 6594629167708, vstest.console.dll, TestRequestSender.OnExecutionMessageReceived: Received message: {"Version":7,"MessageType":"TestSession.Message","Payload":{"MessageLevel":0,"Message":"[xUnit.net 00:00:00.97]   Discovering: CookieCarFactory.Test"}}
TpTrace Verbose: 0 : 54816, 12, 2023/02/09, 23:38:51.857, 6594629169214, vstest.console.dll, TestRunRequest:SendTestRunMessage: Starting.
TpTrace Verbose: 0 : 54816, 12, 2023/02/09, 23:38:51.857, 6594629170197, vstest.console.dll, MulticastDelegateUtilities.SafeInvoke: TestRun.LogMessages: Invoking callback 1/1 for Microsoft.VisualStudio.TestPlatform.CommandLine.TestRunResultAggregator., took 0 ms.
TpTrace Verbose: 0 : 54816, 4, 2023/02/09, 23:38:51.857, 6594629170444, vstest.console.dll, MulticastDelegateUtilities.SafeInvoke: InternalTestLoggerEvents.SendTestRunMessage: Invoking callback 1/1 for Microsoft.VisualStudio.TestPlatform.CommandLine.Internal.ConsoleLogger., took 0 ms.
TpTrace Information: 0 : 54816, 12, 2023/02/09, 23:38:51.858, 6594629170912, vstest.console.dll, TestRunRequest:SendTestRunMessage: Completed.
TpTrace Verbose: 0 : 54816, 12, 2023/02/09, 23:38:51.858, 6594629172701, vstest.console.dll, MulticastDelegateUtilities.SafeInvoke: LengthPrefixCommunicationChannel: MessageReceived: Invoking callback 1/1 for Microsoft.VisualStudio.TestPlatform.CommunicationUtilities.TestRequestSender+<>c__DisplayClass31_0., took 0 ms.
TpTrace Verbose: 0 : 54816, 12, 2023/02/09, 23:38:51.858, 6594629173249, vstest.console.dll, TcpClientExtensions.MessageLoopAsync: Polling on remoteEndPoint: 127.0.0.1:55433 localEndPoint: 127.0.0.1:55432
TpTrace Verbose: 0 : 54816, 12, 2023/02/09, 23:38:51.932, 6594629917331, vstest.console.dll, TcpClientExtensions.MessageLoopAsync: NotifyDataAvailable remoteEndPoint: 127.0.0.1:55433 localEndPoint: 127.0.0.1:55432
TpTrace Verbose: 0 : 54816, 12, 2023/02/09, 23:38:51.932, 6594629918981, vstest.console.dll, TestRequestSender.OnExecutionMessageReceived: Received message: {"Version":7,"MessageType":"TestSession.Message","Payload":{"MessageLevel":0,"Message":"[xUnit.net 00:00:01.04]   Discovered:  CookieCarFactory.Test"}}
TpTrace Verbose: 0 : 54816, 12, 2023/02/09, 23:38:51.932, 6594629920545, vstest.console.dll, TestRunRequest:SendTestRunMessage: Starting.
TpTrace Verbose: 0 : 54816, 12, 2023/02/09, 23:38:51.933, 6594629921449, vstest.console.dll, MulticastDelegateUtilities.SafeInvoke: TestRun.LogMessages: Invoking callback 1/1 for Microsoft.VisualStudio.TestPlatform.CommandLine.TestRunResultAggregator., took 0 ms.
TpTrace Verbose: 0 : 54816, 4, 2023/02/09, 23:38:51.933, 6594629921713, vstest.console.dll, MulticastDelegateUtilities.SafeInvoke: InternalTestLoggerEvents.SendTestRunMessage: Invoking callback 1/1 for Microsoft.VisualStudio.TestPlatform.CommandLine.Internal.ConsoleLogger., took 0 ms.
TpTrace Information: 0 : 54816, 12, 2023/02/09, 23:38:51.933, 6594629922127, vstest.console.dll, TestRunRequest:SendTestRunMessage: Completed.
TpTrace Verbose: 0 : 54816, 12, 2023/02/09, 23:38:51.933, 6594629924098, vstest.console.dll, MulticastDelegateUtilities.SafeInvoke: LengthPrefixCommunicationChannel: MessageReceived: Invoking callback 1/1 for Microsoft.VisualStudio.TestPlatform.CommunicationUtilities.TestRequestSender+<>c__DisplayClass31_0., took 0 ms.
TpTrace Verbose: 0 : 54816, 12, 2023/02/09, 23:38:51.933, 6594629924797, vstest.console.dll, TcpClientExtensions.MessageLoopAsync: Polling on remoteEndPoint: 127.0.0.1:55433 localEndPoint: 127.0.0.1:55432
TpTrace Verbose: 0 : 54816, 12, 2023/02/09, 23:38:51.938, 6594629975006, vstest.console.dll, TcpClientExtensions.MessageLoopAsync: NotifyDataAvailable remoteEndPoint: 127.0.0.1:55433 localEndPoint: 127.0.0.1:55432
TpTrace Verbose: 0 : 54816, 12, 2023/02/09, 23:38:51.938, 6594629977125, vstest.console.dll, TestRequestSender.OnExecutionMessageReceived: Received message: {"Version":7,"MessageType":"TestSession.Message","Payload":{"MessageLevel":0,"Message":"[xUnit.net 00:00:01.05]   Starting:    CookieCarFactory.Test"}}
TpTrace Verbose: 0 : 54816, 12, 2023/02/09, 23:38:51.938, 6594629979072, vstest.console.dll, TestRunRequest:SendTestRunMessage: Starting.
TpTrace Verbose: 0 : 54816, 12, 2023/02/09, 23:38:51.938, 6594629979849, vstest.console.dll, MulticastDelegateUtilities.SafeInvoke: TestRun.LogMessages: Invoking callback 1/1 for Microsoft.VisualStudio.TestPlatform.CommandLine.TestRunResultAggregator., took 0 ms.
TpTrace Verbose: 0 : 54816, 4, 2023/02/09, 23:38:51.938, 6594629980128, vstest.console.dll, MulticastDelegateUtilities.SafeInvoke: InternalTestLoggerEvents.SendTestRunMessage: Invoking callback 1/1 for Microsoft.VisualStudio.TestPlatform.CommandLine.Internal.ConsoleLogger., took 0 ms.
TpTrace Information: 0 : 54816, 12, 2023/02/09, 23:38:51.938, 6594629980509, vstest.console.dll, TestRunRequest:SendTestRunMessage: Completed.
TpTrace Verbose: 0 : 54816, 12, 2023/02/09, 23:38:51.939, 6594629981937, vstest.console.dll, MulticastDelegateUtilities.SafeInvoke: LengthPrefixCommunicationChannel: MessageReceived: Invoking callback 1/1 for Microsoft.VisualStudio.TestPlatform.CommunicationUtilities.TestRequestSender+<>c__DisplayClass31_0., took 0 ms.
TpTrace Verbose: 0 : 54816, 12, 2023/02/09, 23:38:51.939, 6594629982374, vstest.console.dll, TcpClientExtensions.MessageLoopAsync: Polling on remoteEndPoint: 127.0.0.1:55433 localEndPoint: 127.0.0.1:55432
TpTrace Verbose: 0 : 54816, 12, 2023/02/09, 23:38:52.137, 6594631966637, vstest.console.dll, TcpClientExtensions.MessageLoopAsync: NotifyDataAvailable remoteEndPoint: 127.0.0.1:55433 localEndPoint: 127.0.0.1:55432
TpTrace Verbose: 0 : 54816, 12, 2023/02/09, 23:38:52.137, 6594631968944, vstest.console.dll, TestRequestSender.OnExecutionMessageReceived: Received message: {"Version":7,"MessageType":"TestSession.Message","Payload":{"MessageLevel":0,"Message":"[xUnit.net 00:00:01.25]   Finished:    CookieCarFactory.Test"}}
TpTrace Verbose: 0 : 54816, 12, 2023/02/09, 23:38:52.138, 6594631971076, vstest.console.dll, TestRunRequest:SendTestRunMessage: Starting.
TpTrace Verbose: 0 : 54816, 12, 2023/02/09, 23:38:52.138, 6594631972237, vstest.console.dll, MulticastDelegateUtilities.SafeInvoke: TestRun.LogMessages: Invoking callback 1/1 for Microsoft.VisualStudio.TestPlatform.CommandLine.TestRunResultAggregator., took 0 ms.
TpTrace Information: 0 : 54816, 12, 2023/02/09, 23:38:52.138, 6594631973444, vstest.console.dll, TestRunRequest:SendTestRunMessage: Completed.
TpTrace Verbose: 0 : 54816, 4, 2023/02/09, 23:38:52.138, 6594631972501, vstest.console.dll, MulticastDelegateUtilities.SafeInvoke: InternalTestLoggerEvents.SendTestRunMessage: Invoking callback 1/1 for Microsoft.VisualStudio.TestPlatform.CommandLine.Internal.ConsoleLogger., took 0 ms.
TpTrace Verbose: 0 : 54816, 12, 2023/02/09, 23:38:52.138, 6594631974325, vstest.console.dll, MulticastDelegateUtilities.SafeInvoke: LengthPrefixCommunicationChannel: MessageReceived: Invoking callback 1/1 for Microsoft.VisualStudio.TestPlatform.CommunicationUtilities.TestRequestSender+<>c__DisplayClass31_0., took 0 ms.
TpTrace Verbose: 0 : 54816, 12, 2023/02/09, 23:38:52.138, 6594631976162, vstest.console.dll, TcpClientExtensions.MessageLoopAsync: Polling on remoteEndPoint: 127.0.0.1:55433 localEndPoint: 127.0.0.1:55432
TpTrace Verbose: 0 : 54816, 12, 2023/02/09, 23:38:52.279, 6594633388687, vstest.console.dll, TcpClientExtensions.MessageLoopAsync: NotifyDataAvailable remoteEndPoint: 127.0.0.1:55433 localEndPoint: 127.0.0.1:55432
TpTrace Verbose: 0 : 54816, 12, 2023/02/09, 23:38:52.280, 6594633396773, vstest.console.dll, TestRequestSender.OnExecutionMessageReceived: Received message: {"Version":7,"MessageType":"TestExecution.Completed","Payload":{"TestRunCompleteArgs":{"TestRunStatistics":{"ExecutedTests":9,"Stats":{"Passed":9}},"IsCanceled":false,"IsAborted":false,"Error":null,"AttachmentSets":[],"InvokedDataCollectors":[],"ElapsedTimeInRunningTests":"00:00:01.2663470","Metrics":{},"DiscoveredExtensions":{"TestDiscoverers":["Xunit.Runner.VisualStudio.VsTestRunner, xunit.runner.visualstudio.dotnetcore.testadapter, Version=2.4.0.0, Culture=neutral, PublicKeyToken=8d05b1bb7a6fdb6c"],"TestExecutors":["executor://xunit/VsTestRunner2/netcoreapp"],"TestExecutors2":[],"TestSettingsProviders":[]}},"LastRunTests":{"NewTestResults":[{"TestCase":{"Id":"490e7da9-bebf-1639-64d5-88beb8075d7b","FullyQualifiedName":"CookieCarFactory.Test.CarFactoryTest.canBuildUnlimitedCar","DisplayName":"CookieCarFactory.Test.CarFactoryTest.canBuildUnlimitedCar","ExecutorUri":"executor://xunit/VsTestRunner2/netcoreapp","Source":"C:\\Users\\CarlosGamboa\\Development\\training\\back-end\\csharp\\CookieCarFactory\\CookieCarFactory.Test\\bin\\Debug\\net7.0\\fine-code-coverage\\build-output\\CookieCarFactory.Test.dll","CodeFilePath":null,"LineNumber":0,"Properties":[]},"Attachments":[],"Outcome":1,"ErrorMessage":null,"ErrorStackTrace":null,"DisplayName":"CookieCarFactory.Test.CarFactoryTest.canBuildUnlimitedCar","Messages":[],"ComputerName":"DESKTOP-PKJ7OKM","Duration":"00:00:00.0101280","StartTime":"2023-02-10T04:38:52.0726504+00:00","EndTime":"2023-02-10T04:38:52.0726862+00:00","Properties":[]},{"TestCase":{"Id":"9fb7d47a-f9e1-c0e8-3763-394c2dee8782","FullyQualifiedName":"CookieCarFactory.Test.Model.RacingCarTest.racingCarHasNoBabyChair","DisplayName":"CookieCarFactory.Test.Model.RacingCarTest.racingCarHasNoBabyChair","ExecutorUri":"executor://xunit/VsTestRunner2/netcoreapp","Source":"C:\\Users\\CarlosGamboa\\Development\\training\\back-end\\csharp\\CookieCarFactory\\CookieCarFactory.Test\\bin\\Debug\\net7.0\\fine-code-coverage\\build-output\\CookieCarFactory.Test.dll","CodeFilePath":null,"LineNumber":0,"Properties":[]},"Attachments":[],"Outcome":1,"ErrorMessage":null,"ErrorStackTrace":null,"DisplayName":"CookieCarFactory.Test.Model.RacingCarTest.racingCarHasNoBabyChair","Messages":[],"ComputerName":"DESKTOP-PKJ7OKM","Duration":"00:00:00.0063225","StartTime":"2023-02-10T04:38:52.1015975+00:00","EndTime":"2023-02-10T04:38:52.1015978+00:00","Properties":[]},{"TestCase":{"Id":"bda83abe-f29b-49ee-6fb5-1878c21fa6b2","FullyQualifiedName":"CookieCarFactory.Test.Model.SchooCarTest.schoolCarHasBabyChair","DisplayName":"CookieCarFactory.Test.Model.SchooCarTest.schoolCarHasBabyChair","ExecutorUri":"executor://xunit/VsTestRunner2/netcoreapp","Source":"C:\\Users\\CarlosGamboa\\Development\\training\\back-end\\csharp\\CookieCarFactory\\CookieCarFactory.Test\\bin\\Debug\\net7.0\\fine-code-coverage\\build-output\\CookieCarFactory.Test.dll","CodeFilePath":null,"LineNumber":0,"Properties":[]},"Attachments":[],"Outcome":1,"ErrorMessage":null,"ErrorStackTrace":null,"DisplayName":"CookieCarFactory.Test.Model.SchooCarTest.schoolCarHasBabyChair","Messages":[],"ComputerName":"DESKTOP-PKJ7OKM","Duration":"00:00:00.0062806","StartTime":"2023-02-10T04:38:52.1059342+00:00","EndTime":"2023-02-10T04:38:52.1059344+00:00","Properties":[]},{"TestCase":{"Id":"5d665614-73ab-2a03-87bf-103d7b1b747e","FullyQualifiedName":"CookieCarFactory.Test.Model.RacingCarTest.canCreateRacingCar","DisplayName":"CookieCarFactory.Test.Model.RacingCarTest.canCreateRacingCar","ExecutorUri":"executor://xunit/VsTestRunner2/netcoreapp","Source":"C:\\Users\\CarlosGamboa\\Development\\training\\back-end\\csharp\\CookieCarFactory\\CookieCarFactory.Test\\bin\\Debug\\net7.0\\fine-code-coverage\\build-output\\CookieCarFactory.Test.dll","CodeFilePath":null,"LineNumber":0,"Properties":[]},"Attachments":[],"Outcome":1,"ErrorMessage":null,"ErrorStackTrace":null,"DisplayName":"CookieCarFactory.Test.Model.RacingCarTest.canCreateRacingCar","Messages":[],"ComputerName":"DESKTOP-PKJ7OKM","Duration":"00:00:00.0004079","StartTime":"2023-02-10T04:38:52.1155967+00:00","EndTime":"2023-02-10T04:38:52.115597+00:00","Properties":[]},{"TestCase":{"Id":"df7069a4-d963-143e-cf6c-ffb0a7119cca","FullyQualifiedName":"CookieCarFactory.Test.Model.RacingCarTest.racingCarCanReach300MilesPerHour","DisplayName":"CookieCarFactory.Test.Model.RacingCarTest.racingCarCanReach300MilesPerHour","ExecutorUri":"executor://xunit/VsTestRunner2/netcoreapp","Source":"C:\\Users\\CarlosGamboa\\Development\\training\\back-end\\csharp\\CookieCarFactory\\CookieCarFactory.Test\\bin\\Debug\\net7.0\\fine-code-coverage\\build-output\\CookieCarFactory.Test.dll","CodeFilePath":null,"LineNumber":0,"Properties":[]},"Attachments":[],"Outcome":1,"ErrorMessage":null,"ErrorStackTrace":null,"DisplayName":"CookieCarFactory.Test.Model.RacingCarTest.racingCarCanReach300MilesPerHour","Messages":[],"ComputerName":"DESKTOP-PKJ7OKM","Duration":"00:00:00.0001948","StartTime":"2023-02-10T04:38:52.1189236+00:00","EndTime":"2023-02-10T04:38:52.1189238+00:00","Properties":[]},{"TestCase":{"Id":"03f0251a-4573-8d4d-ebce-dfeb33d721af","FullyQualifiedName":"CookieCarFactory.Test.Model.SchooCarTest.schoolCarCanReachUpTo50MilesPerHour","DisplayName":"CookieCarFactory.Test.Model.SchooCarTest.schoolCarCanReachUpTo50MilesPerHour","ExecutorUri":"executor://xunit/VsTestRunner2/netcoreapp","Source":"C:\\Users\\CarlosGamboa\\Development\\training\\back-end\\csharp\\CookieCarFactory\\CookieCarFactory.Test\\bin\\Debug\\net7.0\\fine-code-coverage\\build-output\\CookieCarFactory.Test.dll","CodeFilePath":null,"LineNumber":0,"Properties":[]},"Attachments":[],"Outcome":1,"ErrorMessage":null,"ErrorStackTrace":null,"DisplayName":"CookieCarFactory.Test.Model.SchooCarTest.schoolCarCanReachUpTo50MilesPerHour","Messages":[],"ComputerName":"DESKTOP-PKJ7OKM","Duration":"00:00:00.0007579","StartTime":"2023-02-10T04:38:52.120857+00:00","EndTime":"2023-02-10T04:38:52.120857+00:00","Properties":[]},{"TestCase":{"Id":"4c89e4a1-f20b-f90b-02d6-6be7505ef853","FullyQualifiedName":"CookieCarFactory.Test.Model.SchooCarTest.canCreateSchoolCar","DisplayName":"CookieCarFactory.Test.Model.SchooCarTest.canCreateSchoolCar","ExecutorUri":"executor://xunit/VsTestRunner2/netcoreapp","Source":"C:\\Users\\CarlosGamboa\\Development\\training\\back-end\\csharp\\CookieCarFactory\\CookieCarFactory.Test\\bin\\Debug\\net7.0\\fine-code-coverage\\build-output\\CookieCarFactory.Test.dll","CodeFilePath":null,"LineNumber":0,"Properties":[]},"Attachments":[],"Outcome":1,"ErrorMessage":null,"ErrorStackTrace":null,"DisplayName":"CookieCarFactory.Test.Model.SchooCarTest.canCreateSchoolCar","Messages":[],"ComputerName":"DESKTOP-PKJ7OKM","Duration":"00:00:00.0001316","StartTime":"2023-02-10T04:38:52.1251795+00:00","EndTime":"2023-02-10T04:38:52.1251797+00:00","Properties":[]},{"TestCase":{"Id":"160f891f-1cdd-db0c-e9c6-5cddf535a501","FullyQualifiedName":"CookieCarFactory.Test.CarFactoryTest.canBuildOneCar","DisplayName":"CookieCarFactory.Test.CarFactoryTest.canBuildOneCar","ExecutorUri":"executor://xunit/VsTestRunner2/netcoreapp","Source":"C:\\Users\\CarlosGamboa\\Development\\training\\back-end\\csharp\\CookieCarFactory\\CookieCarFactory.Test\\bin\\Debug\\net7.0\\fine-code-coverage\\build-output\\CookieCarFactory.Test.dll","CodeFilePath":null,"LineNumber":0,"Properties":[]},"Attachments":[],"Outcome":1,"ErrorMessage":null,"ErrorStackTrace":null,"DisplayName":"CookieCarFactory.Test.CarFactoryTest.canBuildOneCar","Messages":[],"ComputerName":"DESKTOP-PKJ7OKM","Duration":"00:00:00.0015750","StartTime":"2023-02-10T04:38:52.1275102+00:00","EndTime":"2023-02-10T04:38:52.1275104+00:00","Properties":[]},{"TestCase":{"Id":"dea79004-80eb-83b2-c91c-f1257b472be8","FullyQualifiedName":"CookieCarFactory.Test.CarFactoryTest.canCreateCarFactory","DisplayName":"CookieCarFactory.Test.CarFactoryTest.canCreateCarFactory","ExecutorUri":"executor://xunit/VsTestRunner2/netcoreapp","Source":"C:\\Users\\CarlosGamboa\\Development\\training\\back-end\\csharp\\CookieCarFactory\\CookieCarFactory.Test\\bin\\Debug\\net7.0\\fine-code-coverage\\build-output\\CookieCarFactory.Test.dll","CodeFilePath":null,"LineNumber":0,"Properties":[]},"Attachments":[],"Outcome":1,"ErrorMessage":null,"ErrorStackTrace":null,"DisplayName":"CookieCarFactory.Test.CarFactoryTest.canCreateCarFactory","Messages":[],"ComputerName":"DESKTOP-PKJ7OKM","Duration":"00:00:00.0002273","StartTime":"2023-02-10T04:38:52.1317247+00:00","EndTime":"2023-02-10T04:38:52.1317249+00:00","Properties":[]}],"TestRunStatistics":{"ExecutedTests":9,"Stats":{"Passed":9}},"ActiveTests":[]},"RunAttachments":[],"ExecutorUris":["executor://xunit/VsTestRunner2/netcoreapp"]}}
TpTrace Verbose: 0 : 54816, 12, 2023/02/09, 23:38:52.280, 6594633400595, vstest.console.dll, TestRequestSender.EndSession: Sending end session.
TpTrace Verbose: 0 : 54816, 12, 2023/02/09, 23:38:52.281, 6594633404222, vstest.console.dll, ProxyOperationManager.Close: waiting for test host to exit for 100 ms
TpTrace Warning: 0 : 54816, 7, 2023/02/09, 23:38:52.309, 6594633688463, vstest.console.dll, TestHostManagerCallbacks.ErrorReceivedCallback Test host standard error line: 
TpTrace Verbose: 0 : 54816, 7, 2023/02/09, 23:38:52.338, 6594633974954, vstest.console.dll, TestHostProvider.ExitCallBack: Host exited starting callback.
TpTrace Information: 0 : 54816, 7, 2023/02/09, 23:38:52.338, 6594633977584, vstest.console.dll, TestHostManagerCallbacks.ExitCallBack: Testhost processId: 40208 exited with exitcode: 0 error: ''
TpTrace Verbose: 0 : 54816, 7, 2023/02/09, 23:38:52.338, 6594633978217, vstest.console.dll, DotnetTestHostManager.OnHostExited: invoking OnHostExited callback
TpTrace Verbose: 0 : 54816, 7, 2023/02/09, 23:38:52.338, 6594633978879, vstest.console.dll, CrossPlatEngine.TestHostManagerHostExited: calling on client process exit callback.
TpTrace Information: 0 : 54816, 7, 2023/02/09, 23:38:52.338, 6594633979540, vstest.console.dll, TestRequestSender.OnClientProcessExit: Test host process exited. Standard error: 
TpTrace Information: 0 : 54816, 7, 2023/02/09, 23:38:52.338, 6594633980079, vstest.console.dll, SocketServer.Stop: Stop server endPoint: 127.0.0.1:55432
TpTrace Information: 0 : 54816, 7, 2023/02/09, 23:38:52.338, 6594633980464, vstest.console.dll, SocketServer.Stop: Cancellation requested. Stopping message loop.
TpTrace Information: 0 : 54816, 12, 2023/02/09, 23:38:52.339, 6594633980815, vstest.console.dll, SocketServer.Stop: Stop server endPoint: 127.0.0.1:55432
TpTrace Information: 0 : 54816, 12, 2023/02/09, 23:38:52.339, 6594633981618, vstest.console.dll, SocketServer.Stop: Cancellation requested. Stopping message loop.
TpTrace Verbose: 0 : 54816, 7, 2023/02/09, 23:38:52.339, 6594633981551, vstest.console.dll, MulticastDelegateUtilities.SafeInvoke: HostProviderEvents.OnHostExited: Invoking callback 1/1 for Microsoft.VisualStudio.TestPlatform.CrossPlatEngine.Client.ProxyOperationManager., took 0 ms.
TpTrace Information: 0 : 54816, 12, 2023/02/09, 23:38:52.339, 6594633982249, vstest.console.dll, Closing the connection
TpTrace Verbose: 0 : 54816, 12, 2023/02/09, 23:38:52.339, 6594633986429, vstest.console.dll, ProxyDataCollectionManager.InvokeDataCollectionServiceAction: Starting.
TpTrace Information: 0 : 54816, 12, 2023/02/09, 23:38:52.339, 6594633987071, vstest.console.dll, ProxyDataCollectionManager.AfterTestRunEnd: Get attachment set and invoked data collectors processId: 72488 port: 55429
TpTrace Verbose: 0 : 54816, 12, 2023/02/09, 23:38:52.339, 6594633987647, vstest.console.dll, DataCollectionRequestSender.SendAfterTestRunStartAndGetResult: Send AfterTestRunEnd message with isCancelled: False
TpTrace Verbose: 0 : 54816, 12, 2023/02/09, 23:38:52.354, 6594634134090, vstest.console.dll, DataCollectionRequestSender.SendAfterTestRunStartAndGetResult: Received message: (DataCollection.AfterTestRunEndResult) -> {"MessageType":"DataCollection.AfterTestRunEndResult","Payload":{"AttachmentSets":[],"InvokedDataCollectors":[{"Uri":"datacollector://Microsoft/TestPlatform/Extensions/Blame/v1","FriendlyName":"Blame","AssemblyQualifiedName":"Microsoft.TestPlatform.Extensions.BlameDataCollector.BlameCollector, Microsoft.TestPlatform.Extensions.BlameDataCollector, Version=15.0.0.0, Culture=neutral, PublicKeyToken=b03f5f7f11d50a3a","FilePath":"C:\\Program Files\\dotnet\\sdk\\7.0.100\\Extensions\\Microsoft.TestPlatform.Extensions.BlameDataCollector.dll","HasAttachmentProcessor":false}],"Metrics":{}}}
TpTrace Warning: 0 : 54816, 9, 2023/02/09, 23:38:52.364, 6594634237445, vstest.console.dll, DataCollectionLauncher.ErrorReceivedCallback datacollector standard error line: 
TpTrace Information: 0 : 54816, 12, 2023/02/09, 23:38:52.366, 6594634251377, vstest.console.dll, ProxyDataCollectionManager.InvokeDataCollectionServiceAction: Completed.
TpTrace Information: 0 : 54816, 9, 2023/02/09, 23:38:52.376, 6594634358906, vstest.console.dll, DataCollectionLauncher.ExitCallBack: Data collector exited with exitcode: 0 error: ''
TpTrace Verbose: 0 : 54816, 12, 2023/02/09, 23:38:52.490, 6594635493010, vstest.console.dll, TestRunRequest:SendTestRunStatsChange: Starting.
TpTrace Verbose: 0 : 54816, 12, 2023/02/09, 23:38:52.490, 6594635498773, vstest.console.dll, MulticastDelegateUtilities.SafeInvoke: TestRun.RunStatsChanged: Invoking callbacks was skipped because there are no subscribers.
TpTrace Information: 0 : 54816, 12, 2023/02/09, 23:38:52.490, 6594635499656, vstest.console.dll, TestRunRequest:SendTestRunStatsChange: Completed.
TpTrace Verbose: 0 : 54816, 12, 2023/02/09, 23:38:52.491, 6594635505447, vstest.console.dll, ParallelProxyExecutionManager: HandlePartialRunComplete: Total completed clients = 1, Run complete = True, Run canceled: False.
TpTrace Verbose: 0 : 54816, 4, 2023/02/09, 23:38:52.493, 6594635528723, vstest.console.dll, MulticastDelegateUtilities.SafeInvoke: InternalTestLoggerEvents.SendTestResult: Invoking callback 1/1 for Microsoft.VisualStudio.TestPlatform.CommandLine.Internal.ConsoleLogger., took 2 ms.
TpTrace Verbose: 0 : 54816, 4, 2023/02/09, 23:38:52.494, 6594635533323, vstest.console.dll, MulticastDelegateUtilities.SafeInvoke: InternalTestLoggerEvents.SendTestResult: Invoking callback 1/1 for Microsoft.VisualStudio.TestPlatform.CommandLine.Internal.ConsoleLogger., took 0 ms.
TpTrace Verbose: 0 : 54816, 4, 2023/02/09, 23:38:52.494, 6594635534533, vstest.console.dll, MulticastDelegateUtilities.SafeInvoke: InternalTestLoggerEvents.SendTestResult: Invoking callback 1/1 for Microsoft.VisualStudio.TestPlatform.CommandLine.Internal.ConsoleLogger., took 0 ms.
TpTrace Verbose: 0 : 54816, 4, 2023/02/09, 23:38:52.494, 6594635535243, vstest.console.dll, MulticastDelegateUtilities.SafeInvoke: InternalTestLoggerEvents.SendTestResult: Invoking callback 1/1 for Microsoft.VisualStudio.TestPlatform.CommandLine.Internal.ConsoleLogger., took 0 ms.
TpTrace Verbose: 0 : 54816, 4, 2023/02/09, 23:38:52.494, 6594635535903, vstest.console.dll, MulticastDelegateUtilities.SafeInvoke: InternalTestLoggerEvents.SendTestResult: Invoking callback 1/1 for Microsoft.VisualStudio.TestPlatform.CommandLine.Internal.ConsoleLogger., took 0 ms.
TpTrace Verbose: 0 : 54816, 4, 2023/02/09, 23:38:52.494, 6594635536672, vstest.console.dll, MulticastDelegateUtilities.SafeInvoke: InternalTestLoggerEvents.SendTestResult: Invoking callback 1/1 for Microsoft.VisualStudio.TestPlatform.CommandLine.Internal.ConsoleLogger., took 0 ms.
TpTrace Verbose: 0 : 54816, 4, 2023/02/09, 23:38:52.494, 6594635537655, vstest.console.dll, MulticastDelegateUtilities.SafeInvoke: InternalTestLoggerEvents.SendTestResult: Invoking callback 1/1 for Microsoft.VisualStudio.TestPlatform.CommandLine.Internal.ConsoleLogger., took 0 ms.
TpTrace Verbose: 0 : 54816, 4, 2023/02/09, 23:38:52.494, 6594635538285, vstest.console.dll, MulticastDelegateUtilities.SafeInvoke: InternalTestLoggerEvents.SendTestResult: Invoking callback 1/1 for Microsoft.VisualStudio.TestPlatform.CommandLine.Internal.ConsoleLogger., took 0 ms.
TpTrace Verbose: 0 : 54816, 4, 2023/02/09, 23:38:52.494, 6594635538850, vstest.console.dll, MulticastDelegateUtilities.SafeInvoke: InternalTestLoggerEvents.SendTestResult: Invoking callback 1/1 for Microsoft.VisualStudio.TestPlatform.CommandLine.Internal.ConsoleLogger., took 0 ms.
TpTrace Verbose: 0 : 54816, 4, 2023/02/09, 23:38:52.509, 6594635686541, vstest.console.dll, MulticastDelegateUtilities.SafeInvoke: InternalTestLoggerEvents.SendTestRunComplete: Invoking callback 1/2 for Microsoft.TestPlatform.Extensions.BlameDataCollector.BlameLogger., took 0 ms.
TpTrace Verbose: 0 : 54816, 4, 2023/02/09, 23:38:52.521, 6594635801056, vstest.console.dll, MulticastDelegateUtilities.SafeInvoke: InternalTestLoggerEvents.SendTestRunComplete: Invoking callback 2/2 for Microsoft.VisualStudio.TestPlatform.CommandLine.Internal.ConsoleLogger., took 11 ms.
TpTrace Verbose: 0 : 54816, 12, 2023/02/09, 23:38:52.521, 6594635806962, vstest.console.dll, TestRunRequest:TestRunComplete: Starting. IsAborted:False IsCanceled:False.
TpTrace Verbose: 0 : 54816, 12, 2023/02/09, 23:38:52.523, 6594635830229, vstest.console.dll, TestLoggerManager.HandleTestRunComplete: Ignoring as the object is disposed.
TpTrace Verbose: 0 : 54816, 12, 2023/02/09, 23:38:52.524, 6594635834491, vstest.console.dll, MulticastDelegateUtilities.SafeInvoke: TestRun.TestRunComplete: Invoking callback 1/2 for Microsoft.VisualStudio.TestPlatform.CommandLine.TestRunResultAggregator., took 0 ms.
TpTrace Verbose: 0 : 54816, 12, 2023/02/09, 23:38:52.524, 6594635837061, vstest.console.dll, MulticastDelegateUtilities.SafeInvoke: TestRun.TestRunComplete: Invoking callback 2/2 for Microsoft.VisualStudio.TestPlatform.CommandLine.Processors.RunTestsArgumentExecutor+TestRunRequestEventsRegistrar., took 0 ms.
TpTrace Information: 0 : 54816, 12, 2023/02/09, 23:38:52.524, 6594635838751, vstest.console.dll, TestRunRequest:TestRunComplete: Completed.
TpTrace Verbose: 0 : 54816, 12, 2023/02/09, 23:38:52.524, 6594635839533, vstest.console.dll, TestRequestSender.SetOperationComplete: Setting operation complete.
TpTrace Information: 0 : 54816, 12, 2023/02/09, 23:38:52.524, 6594635840145, vstest.console.dll, SocketServer.Stop: Stop server endPoint: 127.0.0.1:55432
TpTrace Verbose: 0 : 54816, 1, 2023/02/09, 23:38:52.524, 6594635839841, vstest.console.dll, TestRunRequest.Dispose: Starting.
TpTrace Information: 0 : 54816, 12, 2023/02/09, 23:38:52.525, 6594635840753, vstest.console.dll, SocketServer.Stop: Cancellation requested. Stopping message loop.
TpTrace Information: 0 : 54816, 1, 2023/02/09, 23:38:52.525, 6594635842041, vstest.console.dll, TestRunRequest.Dispose: Completed.
TpTrace Verbose: 0 : 54816, 12, 2023/02/09, 23:38:52.525, 6594635843117, vstest.console.dll, MulticastDelegateUtilities.SafeInvoke: LengthPrefixCommunicationChannel: MessageReceived: Invoking callback 1/1 for Microsoft.VisualStudio.TestPlatform.CommunicationUtilities.TestRequestSender+<>c__DisplayClass31_0., took 244 ms.
TpTrace Information: 0 : 54816, 1, 2023/02/09, 23:38:52.525, 6594635844287, vstest.console.dll, TestRequestManager.RunTests: run tests completed.
TpTrace Information: 0 : 54816, 12, 2023/02/09, 23:38:52.525, 6594635845126, vstest.console.dll, SocketServer.PrivateStop: Stopping server endPoint: 127.0.0.1:55432 error: 
TpTrace Information: 0 : 54816, 1, 2023/02/09, 23:38:52.525, 6594635847403, vstest.console.dll, RunTestsArgumentProcessor:Execute: Test run is completed.
TpTrace Verbose: 0 : 54816, 1, 2023/02/09, 23:38:52.525, 6594635850562, vstest.console.dll, Executor.Execute: Exiting with exit code of 0
TpTrace Verbose: 0 : 54816, 12, 2023/02/09, 23:38:52.526, 6594635854060, vstest.console.dll, LengthPrefixCommunicationChannel.Dispose: Dispose reader and writer.
TpTrace Information: 0 : 54816, 12, 2023/02/09, 23:38:52.526, 6594635855484, vstest.console.dll, SocketServer.Stop: Raise disconnected event endPoint: 127.0.0.1:55432 error: 
TpTrace Verbose: 0 : 54816, 12, 2023/02/09, 23:38:52.526, 6594635856879, vstest.console.dll, TestRequestSender: OnTestRunAbort: Operation is already complete. Skip error message.
TpTrace Verbose: 0 : 54816, 12, 2023/02/09, 23:38:52.526, 6594635857499, vstest.console.dll, MulticastDelegateUtilities.SafeInvoke: SocketServer: ClientDisconnected: Invoking callback 1/1 for Microsoft.VisualStudio.TestPlatform.CommunicationUtilities.TestRequestSender., took 0 ms.
TpTrace Verbose: 0 : 54816, 12, 2023/02/09, 23:38:52.526, 6594635858022, vstest.console.dll, TcpClientExtensions.MessageLoopAsync: exiting MessageLoopAsync remoteEndPoint: 127.0.0.1:55433 localEndPoint: 127.0.0.1:55432
